2023/10/09 15:03:49 - mmengine - INFO - 
------------------------------------------------------------
System environment:
    sys.platform: linux
    Python: 3.8.10 (default, Jun  4 2021, 15:09:15) [GCC 7.5.0]
    CUDA available: True
    numpy_random_seed: 906353001
    GPU 0: NVIDIA GeForce RTX 3090
    CUDA_HOME: /usr/local/cuda
    NVCC: Cuda compilation tools, release 11.3, V11.3.109
    GCC: gcc (Ubuntu 9.4.0-1ubuntu1~20.04.1) 9.4.0
    PyTorch: 1.11.0+cu113
    PyTorch compiling details: PyTorch built with:
  - GCC 7.3
  - C++ Version: 201402
  - Intel(R) Math Kernel Library Version 2020.0.0 Product Build 20191122 for Intel(R) 64 architecture applications
  - Intel(R) MKL-DNN v2.5.2 (Git Hash a9302535553c73243c632ad3c4c80beec3d19a1e)
  - OpenMP 201511 (a.k.a. OpenMP 4.5)
  - LAPACK is enabled (usually provided by MKL)
  - NNPACK is enabled
  - CPU capability usage: AVX2
  - CUDA Runtime 11.3
  - NVCC architecture flags: -gencode;arch=compute_37,code=sm_37;-gencode;arch=compute_50,code=sm_50;-gencode;arch=compute_60,code=sm_60;-gencode;arch=compute_70,code=sm_70;-gencode;arch=compute_75,code=sm_75;-gencode;arch=compute_80,code=sm_80;-gencode;arch=compute_86,code=sm_86
  - CuDNN 8.2
  - Magma 2.5.2
  - Build settings: BLAS_INFO=mkl, BUILD_TYPE=Release, CUDA_VERSION=11.3, CUDNN_VERSION=8.2.0, CXX_COMPILER=/opt/rh/devtoolset-7/root/usr/bin/c++, CXX_FLAGS= -Wno-deprecated -fvisibility-inlines-hidden -DUSE_PTHREADPOOL -fopenmp -DNDEBUG -DUSE_KINETO -DUSE_FBGEMM -DUSE_QNNPACK -DUSE_PYTORCH_QNNPACK -DUSE_XNNPACK -DSYMBOLICATE_MOBILE_DEBUG_HANDLE -DEDGE_PROFILER_USE_KINETO -O2 -fPIC -Wno-narrowing -Wall -Wextra -Werror=return-type -Wno-missing-field-initializers -Wno-type-limits -Wno-array-bounds -Wno-unknown-pragmas -Wno-sign-compare -Wno-unused-parameter -Wno-unused-function -Wno-unused-result -Wno-unused-local-typedefs -Wno-strict-overflow -Wno-strict-aliasing -Wno-error=deprecated-declarations -Wno-stringop-overflow -Wno-psabi -Wno-error=pedantic -Wno-error=redundant-decls -Wno-error=old-style-cast -fdiagnostics-color=always -faligned-new -Wno-unused-but-set-variable -Wno-maybe-uninitialized -fno-math-errno -fno-trapping-math -Werror=format -Wno-stringop-overflow, LAPACK_INFO=mkl, PERF_WITH_AVX=1, PERF_WITH_AVX2=1, PERF_WITH_AVX512=1, TORCH_VERSION=1.11.0, USE_CUDA=ON, USE_CUDNN=ON, USE_EXCEPTION_PTR=1, USE_GFLAGS=OFF, USE_GLOG=OFF, USE_MKL=ON, USE_MKLDNN=OFF, USE_MPI=OFF, USE_NCCL=ON, USE_NNPACK=ON, USE_OPENMP=ON, USE_ROCM=OFF, 

    TorchVision: 0.12.0+cu113
    OpenCV: 4.8.0
    MMEngine: 0.8.4

Runtime environment:
    cudnn_benchmark: False
    mp_cfg: {'mp_start_method': 'fork', 'opencv_num_threads': 0}
    dist_cfg: {'backend': 'nccl'}
    seed: 906353001
    Distributed launcher: none
    Distributed training: False
    GPU number: 1
------------------------------------------------------------

2023/10/09 15:03:49 - mmengine - INFO - Config:
auto_scale_lr = dict(base_batch_size=16, enable=False)
backend_args = None
class_names = [
    'car',
    'truck',
    'trailer',
    'bus',
    'construction_vehicle',
    'bicycle',
    'motorcycle',
    'pedestrian',
    'traffic_cone',
    'barrier',
]
data_root = 'data/nuscenes/'
dataset_type = 'NuScenesDataset'
default_hooks = dict(
    checkpoint=dict(interval=-1, type='CheckpointHook'),
    logger=dict(interval=50, type='LoggerHook'),
    param_scheduler=dict(type='ParamSchedulerHook'),
    sampler_seed=dict(type='DistSamplerSeedHook'),
    timer=dict(type='IterTimerHook'),
    visualization=dict(type='Det3DVisualizationHook'))
default_scope = 'mmdet3d'
env_cfg = dict(
    cudnn_benchmark=False,
    dist_cfg=dict(backend='nccl'),
    mp_cfg=dict(mp_start_method='fork', opencv_num_threads=0))
input_modality = dict(use_camera=True, use_lidar=False)
launcher = 'none'
load_from = 'work_dirs/fcos3d_nus/latest.pth'
log_level = 'INFO'
log_processor = dict(by_epoch=True, type='LogProcessor', window_size=50)
metainfo = dict(classes=[
    'car',
    'truck',
    'trailer',
    'bus',
    'construction_vehicle',
    'bicycle',
    'motorcycle',
    'pedestrian',
    'traffic_cone',
    'barrier',
])
model = dict(
    backbone=dict(
        dcn=dict(deform_groups=1, fallback_on_stride=False, type='DCNv2'),
        depth=101,
        frozen_stages=1,
        init_cfg=dict(
            checkpoint='open-mmlab://detectron2/resnet101_caffe',
            type='Pretrained'),
        norm_cfg=dict(requires_grad=False, type='BN'),
        norm_eval=True,
        num_stages=4,
        out_indices=(
            0,
            1,
            2,
            3,
        ),
        stage_with_dcn=(
            False,
            False,
            True,
            True,
        ),
        style='caffe',
        type='mmdet.ResNet'),
    bbox_head=dict(
        attr_branch=(256, ),
        bbox_coder=dict(code_size=9, type='FCOS3DBBoxCoder'),
        center_sampling=True,
        centerness_on_reg=True,
        cls_branch=(256, ),
        conv_bias=True,
        dcn_on_last_conv=True,
        diff_rad_by_sin=True,
        dir_branch=(256, ),
        dir_limit_offset=0,
        dir_offset=0.7854,
        feat_channels=256,
        group_reg_dims=(
            2,
            1,
            3,
            1,
            2,
        ),
        in_channels=256,
        loss_attr=dict(
            loss_weight=1.0, type='mmdet.CrossEntropyLoss', use_sigmoid=False),
        loss_bbox=dict(
            beta=0.1111111111111111,
            loss_weight=1.0,
            type='mmdet.SmoothL1Loss'),
        loss_centerness=dict(
            loss_weight=1.0, type='mmdet.CrossEntropyLoss', use_sigmoid=True),
        loss_cls=dict(
            alpha=0.25,
            gamma=2.0,
            loss_weight=1.0,
            type='mmdet.FocalLoss',
            use_sigmoid=True),
        loss_dir=dict(
            loss_weight=1.0, type='mmdet.CrossEntropyLoss', use_sigmoid=False),
        norm_on_bbox=True,
        num_classes=10,
        pred_attrs=True,
        pred_velo=True,
        reg_branch=(
            (256, ),
            (256, ),
            (256, ),
            (256, ),
            (),
        ),
        stacked_convs=2,
        strides=[
            8,
            16,
            32,
            64,
            128,
        ],
        type='FCOSMono3DHead',
        use_direction_classifier=True),
    data_preprocessor=dict(
        bgr_to_rgb=False,
        mean=[
            103.53,
            116.28,
            123.675,
        ],
        pad_size_divisor=32,
        std=[
            1.0,
            1.0,
            1.0,
        ],
        type='Det3DDataPreprocessor'),
    neck=dict(
        add_extra_convs='on_output',
        in_channels=[
            256,
            512,
            1024,
            2048,
        ],
        num_outs=5,
        out_channels=256,
        relu_before_extra_convs=True,
        start_level=1,
        type='mmdet.FPN'),
    test_cfg=dict(
        max_per_img=200,
        min_bbox_size=0,
        nms_across_levels=False,
        nms_pre=1000,
        nms_thr=0.8,
        score_thr=0.05,
        use_rotate_nms=True),
    train_cfg=dict(
        allowed_border=0,
        code_weight=[
            1.0,
            1.0,
            1.0,
            1.0,
            1.0,
            1.0,
            1.0,
            0.05,
            0.05,
        ],
        debug=False,
        pos_weight=-1),
    type='FCOSMono3D')
optim_wrapper = dict(
    clip_grad=dict(max_norm=35, norm_type=2),
    optimizer=dict(lr=0.001, momentum=0.9, type='SGD', weight_decay=0.0001),
    paramwise_cfg=dict(bias_decay_mult=0.0, bias_lr_mult=2.0),
    type='OptimWrapper')
param_scheduler = [
    dict(
        begin=0,
        by_epoch=False,
        end=500,
        start_factor=0.3333333333333333,
        type='LinearLR'),
    dict(
        begin=0,
        by_epoch=True,
        end=12,
        gamma=0.1,
        milestones=[
            8,
            11,
        ],
        type='MultiStepLR'),
]
resume = False
test_cfg = dict(type='TestLoop')
test_dataloader = dict(
    batch_size=1,
    dataset=dict(
        ann_file='nuscenes_infos_val.pkl',
        backend_args=None,
        box_type_3d='Camera',
        data_prefix=dict(
            CAM_BACK='samples/CAM_BACK',
            CAM_BACK_LEFT='samples/CAM_BACK_LEFT',
            CAM_BACK_RIGHT='samples/CAM_BACK_RIGHT',
            CAM_FRONT='samples/CAM_FRONT',
            CAM_FRONT_LEFT='samples/CAM_FRONT_LEFT',
            CAM_FRONT_RIGHT='samples/CAM_FRONT_RIGHT',
            pts=''),
        data_root='data/nuscenes/',
        load_type='mv_image_based',
        metainfo=dict(classes=[
            'car',
            'truck',
            'trailer',
            'bus',
            'construction_vehicle',
            'bicycle',
            'motorcycle',
            'pedestrian',
            'traffic_cone',
            'barrier',
        ]),
        modality=dict(use_camera=True, use_lidar=False),
        pipeline=[
            dict(backend_args=None, type='LoadImageFromFileMono3D'),
            dict(scale_factor=1.0, type='mmdet.Resize'),
            dict(keys=[
                'img',
            ], type='Pack3DDetInputs'),
        ],
        test_mode=True,
        type='NuScenesDataset',
        use_valid_flag=True),
    drop_last=False,
    num_workers=2,
    persistent_workers=True,
    sampler=dict(shuffle=False, type='DefaultSampler'))
test_evaluator = dict(
    ann_file='data/nuscenes/nuscenes_infos_val.pkl',
    backend_args=None,
    data_root='data/nuscenes/',
    metric='bbox',
    type='NuScenesMetric')
test_pipeline = [
    dict(backend_args=None, type='LoadImageFromFileMono3D'),
    dict(scale_factor=1.0, type='mmdet.Resize'),
    dict(keys=[
        'img',
    ], type='Pack3DDetInputs'),
]
train_cfg = dict(max_epochs=20, type='EpochBasedTrainLoop', val_interval=2)
train_dataloader = dict(
    batch_size=4,
    dataset=dict(
        ann_file='nuscenes_infos_train.pkl',
        backend_args=None,
        box_type_3d='Camera',
        data_prefix=dict(
            CAM_BACK='samples/CAM_BACK',
            CAM_BACK_LEFT='samples/CAM_BACK_LEFT',
            CAM_BACK_RIGHT='samples/CAM_BACK_RIGHT',
            CAM_FRONT='samples/CAM_FRONT',
            CAM_FRONT_LEFT='samples/CAM_FRONT_LEFT',
            CAM_FRONT_RIGHT='samples/CAM_FRONT_RIGHT',
            pts=''),
        data_root='data/nuscenes/',
        load_type='mv_image_based',
        metainfo=dict(classes=[
            'car',
            'truck',
            'trailer',
            'bus',
            'construction_vehicle',
            'bicycle',
            'motorcycle',
            'pedestrian',
            'traffic_cone',
            'barrier',
        ]),
        modality=dict(use_camera=True, use_lidar=False),
        pipeline=[
            dict(backend_args=None, type='LoadImageFromFileMono3D'),
            dict(
                type='LoadAnnotations3D',
                with_attr_label=True,
                with_bbox=True,
                with_bbox_3d=True,
                with_bbox_depth=True,
                with_label=True,
                with_label_3d=True),
            dict(keep_ratio=True, scale=(
                1600,
                900,
            ), type='mmdet.Resize'),
            dict(flip_ratio_bev_horizontal=0.5, type='RandomFlip3D'),
            dict(
                keys=[
                    'img',
                    'gt_bboxes',
                    'gt_bboxes_labels',
                    'attr_labels',
                    'gt_bboxes_3d',
                    'gt_labels_3d',
                    'centers_2d',
                    'depths',
                ],
                type='Pack3DDetInputs'),
        ],
        test_mode=False,
        type='NuScenesDataset',
        use_valid_flag=True),
    num_workers=2,
    persistent_workers=True,
    sampler=dict(shuffle=True, type='DefaultSampler'))
train_pipeline = [
    dict(backend_args=None, type='LoadImageFromFileMono3D'),
    dict(
        type='LoadAnnotations3D',
        with_attr_label=True,
        with_bbox=True,
        with_bbox_3d=True,
        with_bbox_depth=True,
        with_label=True,
        with_label_3d=True),
    dict(keep_ratio=True, scale=(
        1600,
        900,
    ), type='mmdet.Resize'),
    dict(flip_ratio_bev_horizontal=0.5, type='RandomFlip3D'),
    dict(
        keys=[
            'img',
            'gt_bboxes',
            'gt_bboxes_labels',
            'attr_labels',
            'gt_bboxes_3d',
            'gt_labels_3d',
            'centers_2d',
            'depths',
        ],
        type='Pack3DDetInputs'),
]
val_cfg = dict(type='ValLoop')
val_dataloader = dict(
    batch_size=1,
    dataset=dict(
        ann_file='nuscenes_infos_val.pkl',
        backend_args=None,
        box_type_3d='Camera',
        data_prefix=dict(
            CAM_BACK='samples/CAM_BACK',
            CAM_BACK_LEFT='samples/CAM_BACK_LEFT',
            CAM_BACK_RIGHT='samples/CAM_BACK_RIGHT',
            CAM_FRONT='samples/CAM_FRONT',
            CAM_FRONT_LEFT='samples/CAM_FRONT_LEFT',
            CAM_FRONT_RIGHT='samples/CAM_FRONT_RIGHT',
            pts=''),
        data_root='data/nuscenes/',
        load_type='mv_image_based',
        metainfo=dict(classes=[
            'car',
            'truck',
            'trailer',
            'bus',
            'construction_vehicle',
            'bicycle',
            'motorcycle',
            'pedestrian',
            'traffic_cone',
            'barrier',
        ]),
        modality=dict(use_camera=True, use_lidar=False),
        pipeline=[
            dict(backend_args=None, type='LoadImageFromFileMono3D'),
            dict(scale_factor=1.0, type='mmdet.Resize'),
            dict(keys=[
                'img',
            ], type='Pack3DDetInputs'),
        ],
        test_mode=True,
        type='NuScenesDataset',
        use_valid_flag=True),
    drop_last=False,
    num_workers=2,
    persistent_workers=True,
    sampler=dict(shuffle=False, type='DefaultSampler'))
val_evaluator = dict(
    ann_file='data/nuscenes/nuscenes_infos_val.pkl',
    backend_args=None,
    data_root='data/nuscenes/',
    metric='bbox',
    type='NuScenesMetric')
vis_backends = [
    dict(type='LocalVisBackend'),
]
visualizer = dict(
    name='visualizer',
    type='Det3DLocalVisualizer',
    vis_backends=[
        dict(type='LocalVisBackend'),
    ])
work_dir = './work_dirs/fcos3d_r101-caffe-dcn_fpn_head-gn_8xb2-1x_nus-mono3d_finetune'

2023/10/09 15:03:58 - mmengine - INFO - Distributed training is not used, all SyncBatchNorm (SyncBN) layers in the model will be automatically reverted to BatchNormXd layers if they are used.
2023/10/09 15:03:58 - mmengine - INFO - Autoplay mode, press [SPACE] to pause.
2023/10/09 15:03:58 - mmengine - INFO - Hooks will be executed in the following order:
before_run:
(VERY_HIGH   ) RuntimeInfoHook                    
(BELOW_NORMAL) LoggerHook                         
 -------------------- 
before_train:
(VERY_HIGH   ) RuntimeInfoHook                    
(NORMAL      ) IterTimerHook                      
(VERY_LOW    ) CheckpointHook                     
 -------------------- 
before_train_epoch:
(VERY_HIGH   ) RuntimeInfoHook                    
(NORMAL      ) IterTimerHook                      
(NORMAL      ) DistSamplerSeedHook                
 -------------------- 
before_train_iter:
(VERY_HIGH   ) RuntimeInfoHook                    
(NORMAL      ) IterTimerHook                      
 -------------------- 
after_train_iter:
(VERY_HIGH   ) RuntimeInfoHook                    
(NORMAL      ) IterTimerHook                      
(BELOW_NORMAL) LoggerHook                         
(LOW         ) ParamSchedulerHook                 
(VERY_LOW    ) CheckpointHook                     
 -------------------- 
after_train_epoch:
(NORMAL      ) IterTimerHook                      
(LOW         ) ParamSchedulerHook                 
(VERY_LOW    ) CheckpointHook                     
 -------------------- 
before_val:
(VERY_HIGH   ) RuntimeInfoHook                    
 -------------------- 
before_val_epoch:
(NORMAL      ) IterTimerHook                      
 -------------------- 
before_val_iter:
(NORMAL      ) IterTimerHook                      
 -------------------- 
after_val_iter:
(NORMAL      ) IterTimerHook                      
(NORMAL      ) Det3DVisualizationHook             
(BELOW_NORMAL) LoggerHook                         
 -------------------- 
after_val_epoch:
(VERY_HIGH   ) RuntimeInfoHook                    
(NORMAL      ) IterTimerHook                      
(BELOW_NORMAL) LoggerHook                         
(LOW         ) ParamSchedulerHook                 
(VERY_LOW    ) CheckpointHook                     
 -------------------- 
after_val:
(VERY_HIGH   ) RuntimeInfoHook                    
 -------------------- 
after_train:
(VERY_HIGH   ) RuntimeInfoHook                    
(VERY_LOW    ) CheckpointHook                     
 -------------------- 
before_test:
(VERY_HIGH   ) RuntimeInfoHook                    
 -------------------- 
before_test_epoch:
(NORMAL      ) IterTimerHook                      
 -------------------- 
before_test_iter:
(NORMAL      ) IterTimerHook                      
 -------------------- 
after_test_iter:
(NORMAL      ) IterTimerHook                      
(NORMAL      ) Det3DVisualizationHook             
(BELOW_NORMAL) LoggerHook                         
 -------------------- 
after_test_epoch:
(VERY_HIGH   ) RuntimeInfoHook                    
(NORMAL      ) IterTimerHook                      
(BELOW_NORMAL) LoggerHook                         
 -------------------- 
after_test:
(VERY_HIGH   ) RuntimeInfoHook                    
 -------------------- 
after_run:
(BELOW_NORMAL) LoggerHook                         
 -------------------- 
2023/10/09 15:04:02 - mmengine - INFO - ------------------------------
2023/10/09 15:04:02 - mmengine - INFO - The length of the dataset: 1938
2023/10/09 15:04:02 - mmengine - INFO - The number of instances per category in the dataset:
+----------------------+--------+
| category             | number |
+----------------------+--------+
| car                  | 6145   |
| truck                | 719    |
| trailer              | 63     |
| bus                  | 478    |
| construction_vehicle | 247    |
| bicycle              | 212    |
| motorcycle           | 252    |
| pedestrian           | 4138   |
| traffic_cone         | 1527   |
| barrier              | 2692   |
+----------------------+--------+
2023/10/09 15:04:02 - mmengine - INFO - paramwise_options -- neck.lateral_convs.0.conv.bias:lr=0.002
2023/10/09 15:04:02 - mmengine - INFO - paramwise_options -- neck.lateral_convs.0.conv.bias:weight_decay=0.0
2023/10/09 15:04:02 - mmengine - INFO - paramwise_options -- neck.lateral_convs.1.conv.bias:lr=0.002
2023/10/09 15:04:02 - mmengine - INFO - paramwise_options -- neck.lateral_convs.1.conv.bias:weight_decay=0.0
2023/10/09 15:04:02 - mmengine - INFO - paramwise_options -- neck.lateral_convs.2.conv.bias:lr=0.002
2023/10/09 15:04:02 - mmengine - INFO - paramwise_options -- neck.lateral_convs.2.conv.bias:weight_decay=0.0
2023/10/09 15:04:02 - mmengine - INFO - paramwise_options -- neck.fpn_convs.0.conv.bias:lr=0.002
2023/10/09 15:04:02 - mmengine - INFO - paramwise_options -- neck.fpn_convs.0.conv.bias:weight_decay=0.0
2023/10/09 15:04:02 - mmengine - INFO - paramwise_options -- neck.fpn_convs.1.conv.bias:lr=0.002
2023/10/09 15:04:02 - mmengine - INFO - paramwise_options -- neck.fpn_convs.1.conv.bias:weight_decay=0.0
2023/10/09 15:04:02 - mmengine - INFO - paramwise_options -- neck.fpn_convs.2.conv.bias:lr=0.002
2023/10/09 15:04:02 - mmengine - INFO - paramwise_options -- neck.fpn_convs.2.conv.bias:weight_decay=0.0
2023/10/09 15:04:02 - mmengine - INFO - paramwise_options -- neck.fpn_convs.3.conv.bias:lr=0.002
2023/10/09 15:04:02 - mmengine - INFO - paramwise_options -- neck.fpn_convs.3.conv.bias:weight_decay=0.0
2023/10/09 15:04:02 - mmengine - INFO - paramwise_options -- neck.fpn_convs.4.conv.bias:lr=0.002
2023/10/09 15:04:02 - mmengine - INFO - paramwise_options -- neck.fpn_convs.4.conv.bias:weight_decay=0.0
2023/10/09 15:04:02 - mmengine - INFO - paramwise_options -- bbox_head.cls_convs.0.conv.bias:lr=0.002
2023/10/09 15:04:02 - mmengine - INFO - paramwise_options -- bbox_head.cls_convs.0.conv.bias:weight_decay=0.0
2023/10/09 15:04:02 - mmengine - INFO - paramwise_options -- bbox_head.cls_convs.0.gn.bias:weight_decay=0.0
2023/10/09 15:04:02 - mmengine - INFO - paramwise_options -- bbox_head.cls_convs.1.conv.bias:lr=0.002
2023/10/09 15:04:02 - mmengine - INFO - paramwise_options -- bbox_head.cls_convs.1.conv.bias:weight_decay=0.0
2023/10/09 15:04:02 - mmengine - INFO - paramwise_options -- bbox_head.cls_convs.1.gn.bias:weight_decay=0.0
2023/10/09 15:04:02 - mmengine - INFO - paramwise_options -- bbox_head.reg_convs.0.conv.bias:lr=0.002
2023/10/09 15:04:02 - mmengine - INFO - paramwise_options -- bbox_head.reg_convs.0.conv.bias:weight_decay=0.0
2023/10/09 15:04:02 - mmengine - INFO - paramwise_options -- bbox_head.reg_convs.0.gn.bias:weight_decay=0.0
2023/10/09 15:04:02 - mmengine - INFO - paramwise_options -- bbox_head.reg_convs.1.conv.bias:lr=0.002
2023/10/09 15:04:02 - mmengine - INFO - paramwise_options -- bbox_head.reg_convs.1.conv.bias:weight_decay=0.0
2023/10/09 15:04:02 - mmengine - INFO - paramwise_options -- bbox_head.reg_convs.1.gn.bias:weight_decay=0.0
2023/10/09 15:04:02 - mmengine - INFO - paramwise_options -- bbox_head.conv_cls_prev.0.conv.bias:lr=0.002
2023/10/09 15:04:02 - mmengine - INFO - paramwise_options -- bbox_head.conv_cls_prev.0.conv.bias:weight_decay=0.0
2023/10/09 15:04:02 - mmengine - INFO - paramwise_options -- bbox_head.conv_cls_prev.0.gn.bias:weight_decay=0.0
2023/10/09 15:04:02 - mmengine - INFO - paramwise_options -- bbox_head.conv_cls.bias:lr=0.002
2023/10/09 15:04:02 - mmengine - INFO - paramwise_options -- bbox_head.conv_cls.bias:weight_decay=0.0
2023/10/09 15:04:02 - mmengine - INFO - paramwise_options -- bbox_head.conv_reg_prevs.0.0.conv.bias:lr=0.002
2023/10/09 15:04:02 - mmengine - INFO - paramwise_options -- bbox_head.conv_reg_prevs.0.0.conv.bias:weight_decay=0.0
2023/10/09 15:04:02 - mmengine - INFO - paramwise_options -- bbox_head.conv_reg_prevs.0.0.gn.bias:weight_decay=0.0
2023/10/09 15:04:02 - mmengine - INFO - paramwise_options -- bbox_head.conv_reg_prevs.1.0.conv.bias:lr=0.002
2023/10/09 15:04:02 - mmengine - INFO - paramwise_options -- bbox_head.conv_reg_prevs.1.0.conv.bias:weight_decay=0.0
2023/10/09 15:04:02 - mmengine - INFO - paramwise_options -- bbox_head.conv_reg_prevs.1.0.gn.bias:weight_decay=0.0
2023/10/09 15:04:02 - mmengine - INFO - paramwise_options -- bbox_head.conv_reg_prevs.2.0.conv.bias:lr=0.002
2023/10/09 15:04:02 - mmengine - INFO - paramwise_options -- bbox_head.conv_reg_prevs.2.0.conv.bias:weight_decay=0.0
2023/10/09 15:04:02 - mmengine - INFO - paramwise_options -- bbox_head.conv_reg_prevs.2.0.gn.bias:weight_decay=0.0
2023/10/09 15:04:02 - mmengine - INFO - paramwise_options -- bbox_head.conv_reg_prevs.3.0.conv.bias:lr=0.002
2023/10/09 15:04:02 - mmengine - INFO - paramwise_options -- bbox_head.conv_reg_prevs.3.0.conv.bias:weight_decay=0.0
2023/10/09 15:04:02 - mmengine - INFO - paramwise_options -- bbox_head.conv_reg_prevs.3.0.gn.bias:weight_decay=0.0
2023/10/09 15:04:02 - mmengine - INFO - paramwise_options -- bbox_head.conv_regs.0.bias:lr=0.002
2023/10/09 15:04:02 - mmengine - INFO - paramwise_options -- bbox_head.conv_regs.0.bias:weight_decay=0.0
2023/10/09 15:04:02 - mmengine - INFO - paramwise_options -- bbox_head.conv_regs.1.bias:lr=0.002
2023/10/09 15:04:02 - mmengine - INFO - paramwise_options -- bbox_head.conv_regs.1.bias:weight_decay=0.0
2023/10/09 15:04:02 - mmengine - INFO - paramwise_options -- bbox_head.conv_regs.2.bias:lr=0.002
2023/10/09 15:04:02 - mmengine - INFO - paramwise_options -- bbox_head.conv_regs.2.bias:weight_decay=0.0
2023/10/09 15:04:02 - mmengine - INFO - paramwise_options -- bbox_head.conv_regs.3.bias:lr=0.002
2023/10/09 15:04:02 - mmengine - INFO - paramwise_options -- bbox_head.conv_regs.3.bias:weight_decay=0.0
2023/10/09 15:04:02 - mmengine - INFO - paramwise_options -- bbox_head.conv_regs.4.bias:lr=0.002
2023/10/09 15:04:02 - mmengine - INFO - paramwise_options -- bbox_head.conv_regs.4.bias:weight_decay=0.0
2023/10/09 15:04:02 - mmengine - INFO - paramwise_options -- bbox_head.conv_dir_cls_prev.0.conv.bias:lr=0.002
2023/10/09 15:04:02 - mmengine - INFO - paramwise_options -- bbox_head.conv_dir_cls_prev.0.conv.bias:weight_decay=0.0
2023/10/09 15:04:02 - mmengine - INFO - paramwise_options -- bbox_head.conv_dir_cls_prev.0.gn.bias:weight_decay=0.0
2023/10/09 15:04:02 - mmengine - INFO - paramwise_options -- bbox_head.conv_dir_cls.bias:lr=0.002
2023/10/09 15:04:02 - mmengine - INFO - paramwise_options -- bbox_head.conv_dir_cls.bias:weight_decay=0.0
2023/10/09 15:04:02 - mmengine - INFO - paramwise_options -- bbox_head.conv_attr_prev.0.conv.bias:lr=0.002
2023/10/09 15:04:02 - mmengine - INFO - paramwise_options -- bbox_head.conv_attr_prev.0.conv.bias:weight_decay=0.0
2023/10/09 15:04:02 - mmengine - INFO - paramwise_options -- bbox_head.conv_attr_prev.0.gn.bias:weight_decay=0.0
2023/10/09 15:04:02 - mmengine - INFO - paramwise_options -- bbox_head.conv_attr.bias:lr=0.002
2023/10/09 15:04:02 - mmengine - INFO - paramwise_options -- bbox_head.conv_attr.bias:weight_decay=0.0
2023/10/09 15:04:02 - mmengine - INFO - paramwise_options -- bbox_head.conv_centerness_prev.0.conv.bias:lr=0.002
2023/10/09 15:04:02 - mmengine - INFO - paramwise_options -- bbox_head.conv_centerness_prev.0.conv.bias:weight_decay=0.0
2023/10/09 15:04:02 - mmengine - INFO - paramwise_options -- bbox_head.conv_centerness_prev.0.gn.bias:weight_decay=0.0
2023/10/09 15:04:02 - mmengine - INFO - paramwise_options -- bbox_head.conv_centerness.bias:lr=0.002
2023/10/09 15:04:02 - mmengine - INFO - paramwise_options -- bbox_head.conv_centerness.bias:weight_decay=0.0
2023/10/09 15:04:03 - mmengine - INFO - ------------------------------
2023/10/09 15:04:03 - mmengine - INFO - The length of the dataset: 486
2023/10/09 15:04:03 - mmengine - INFO - The number of instances per category in the dataset:
+----------------------+--------+
| category             | number |
+----------------------+--------+
| car                  | 3292   |
| truck                | 163    |
| trailer              | 0      |
| bus                  | 57     |
| construction_vehicle | 0      |
| bicycle              | 62     |
| motorcycle           | 291    |
| pedestrian           | 1529   |
| traffic_cone         | 47     |
| barrier              | 0      |
+----------------------+--------+
2023/10/09 15:04:04 - mmengine - INFO - load model from: open-mmlab://detectron2/resnet101_caffe
2023/10/09 15:04:04 - mmengine - INFO - Loads checkpoint by openmmlab backend from path: open-mmlab://detectron2/resnet101_caffe
2023/10/09 15:04:04 - mmengine - WARNING - The model and loaded state dict do not match exactly

missing keys in source state_dict: layer3.0.conv2.conv_offset.weight, layer3.0.conv2.conv_offset.bias, layer3.1.conv2.conv_offset.weight, layer3.1.conv2.conv_offset.bias, layer3.2.conv2.conv_offset.weight, layer3.2.conv2.conv_offset.bias, layer3.3.conv2.conv_offset.weight, layer3.3.conv2.conv_offset.bias, layer3.4.conv2.conv_offset.weight, layer3.4.conv2.conv_offset.bias, layer3.5.conv2.conv_offset.weight, layer3.5.conv2.conv_offset.bias, layer3.6.conv2.conv_offset.weight, layer3.6.conv2.conv_offset.bias, layer3.7.conv2.conv_offset.weight, layer3.7.conv2.conv_offset.bias, layer3.8.conv2.conv_offset.weight, layer3.8.conv2.conv_offset.bias, layer3.9.conv2.conv_offset.weight, layer3.9.conv2.conv_offset.bias, layer3.10.conv2.conv_offset.weight, layer3.10.conv2.conv_offset.bias, layer3.11.conv2.conv_offset.weight, layer3.11.conv2.conv_offset.bias, layer3.12.conv2.conv_offset.weight, layer3.12.conv2.conv_offset.bias, layer3.13.conv2.conv_offset.weight, layer3.13.conv2.conv_offset.bias, layer3.14.conv2.conv_offset.weight, layer3.14.conv2.conv_offset.bias, layer3.15.conv2.conv_offset.weight, layer3.15.conv2.conv_offset.bias, layer3.16.conv2.conv_offset.weight, layer3.16.conv2.conv_offset.bias, layer3.17.conv2.conv_offset.weight, layer3.17.conv2.conv_offset.bias, layer3.18.conv2.conv_offset.weight, layer3.18.conv2.conv_offset.bias, layer3.19.conv2.conv_offset.weight, layer3.19.conv2.conv_offset.bias, layer3.20.conv2.conv_offset.weight, layer3.20.conv2.conv_offset.bias, layer3.21.conv2.conv_offset.weight, layer3.21.conv2.conv_offset.bias, layer3.22.conv2.conv_offset.weight, layer3.22.conv2.conv_offset.bias, layer4.0.conv2.conv_offset.weight, layer4.0.conv2.conv_offset.bias, layer4.1.conv2.conv_offset.weight, layer4.1.conv2.conv_offset.bias, layer4.2.conv2.conv_offset.weight, layer4.2.conv2.conv_offset.bias

Name of parameter - Initialization information

backbone.conv1.weight - torch.Size([64, 3, 7, 7]): 
PretrainedInit: load from open-mmlab://detectron2/resnet101_caffe 

backbone.bn1.weight - torch.Size([64]): 
PretrainedInit: load from open-mmlab://detectron2/resnet101_caffe 

backbone.bn1.bias - torch.Size([64]): 
PretrainedInit: load from open-mmlab://detectron2/resnet101_caffe 

backbone.layer1.0.conv1.weight - torch.Size([64, 64, 1, 1]): 
PretrainedInit: load from open-mmlab://detectron2/resnet101_caffe 

backbone.layer1.0.bn1.weight - torch.Size([64]): 
PretrainedInit: load from open-mmlab://detectron2/resnet101_caffe 

backbone.layer1.0.bn1.bias - torch.Size([64]): 
PretrainedInit: load from open-mmlab://detectron2/resnet101_caffe 

backbone.layer1.0.conv2.weight - torch.Size([64, 64, 3, 3]): 
PretrainedInit: load from open-mmlab://detectron2/resnet101_caffe 

backbone.layer1.0.bn2.weight - torch.Size([64]): 
PretrainedInit: load from open-mmlab://detectron2/resnet101_caffe 

backbone.layer1.0.bn2.bias - torch.Size([64]): 
PretrainedInit: load from open-mmlab://detectron2/resnet101_caffe 

backbone.layer1.0.conv3.weight - torch.Size([256, 64, 1, 1]): 
PretrainedInit: load from open-mmlab://detectron2/resnet101_caffe 

backbone.layer1.0.bn3.weight - torch.Size([256]): 
PretrainedInit: load from open-mmlab://detectron2/resnet101_caffe 

backbone.layer1.0.bn3.bias - torch.Size([256]): 
PretrainedInit: load from open-mmlab://detectron2/resnet101_caffe 

backbone.layer1.0.downsample.0.weight - torch.Size([256, 64, 1, 1]): 
PretrainedInit: load from open-mmlab://detectron2/resnet101_caffe 

backbone.layer1.0.downsample.1.weight - torch.Size([256]): 
PretrainedInit: load from open-mmlab://detectron2/resnet101_caffe 

backbone.layer1.0.downsample.1.bias - torch.Size([256]): 
PretrainedInit: load from open-mmlab://detectron2/resnet101_caffe 

backbone.layer1.1.conv1.weight - torch.Size([64, 256, 1, 1]): 
PretrainedInit: load from open-mmlab://detectron2/resnet101_caffe 

backbone.layer1.1.bn1.weight - torch.Size([64]): 
PretrainedInit: load from open-mmlab://detectron2/resnet101_caffe 

backbone.layer1.1.bn1.bias - torch.Size([64]): 
PretrainedInit: load from open-mmlab://detectron2/resnet101_caffe 

backbone.layer1.1.conv2.weight - torch.Size([64, 64, 3, 3]): 
PretrainedInit: load from open-mmlab://detectron2/resnet101_caffe 

backbone.layer1.1.bn2.weight - torch.Size([64]): 
PretrainedInit: load from open-mmlab://detectron2/resnet101_caffe 

backbone.layer1.1.bn2.bias - torch.Size([64]): 
PretrainedInit: load from open-mmlab://detectron2/resnet101_caffe 

backbone.layer1.1.conv3.weight - torch.Size([256, 64, 1, 1]): 
PretrainedInit: load from open-mmlab://detectron2/resnet101_caffe 

backbone.layer1.1.bn3.weight - torch.Size([256]): 
PretrainedInit: load from open-mmlab://detectron2/resnet101_caffe 

backbone.layer1.1.bn3.bias - torch.Size([256]): 
PretrainedInit: load from open-mmlab://detectron2/resnet101_caffe 

backbone.layer1.2.conv1.weight - torch.Size([64, 256, 1, 1]): 
PretrainedInit: load from open-mmlab://detectron2/resnet101_caffe 

backbone.layer1.2.bn1.weight - torch.Size([64]): 
PretrainedInit: load from open-mmlab://detectron2/resnet101_caffe 

backbone.layer1.2.bn1.bias - torch.Size([64]): 
PretrainedInit: load from open-mmlab://detectron2/resnet101_caffe 

backbone.layer1.2.conv2.weight - torch.Size([64, 64, 3, 3]): 
PretrainedInit: load from open-mmlab://detectron2/resnet101_caffe 

backbone.layer1.2.bn2.weight - torch.Size([64]): 
PretrainedInit: load from open-mmlab://detectron2/resnet101_caffe 

backbone.layer1.2.bn2.bias - torch.Size([64]): 
PretrainedInit: load from open-mmlab://detectron2/resnet101_caffe 

backbone.layer1.2.conv3.weight - torch.Size([256, 64, 1, 1]): 
PretrainedInit: load from open-mmlab://detectron2/resnet101_caffe 

backbone.layer1.2.bn3.weight - torch.Size([256]): 
PretrainedInit: load from open-mmlab://detectron2/resnet101_caffe 

backbone.layer1.2.bn3.bias - torch.Size([256]): 
PretrainedInit: load from open-mmlab://detectron2/resnet101_caffe 

backbone.layer2.0.conv1.weight - torch.Size([128, 256, 1, 1]): 
PretrainedInit: load from open-mmlab://detectron2/resnet101_caffe 

backbone.layer2.0.bn1.weight - torch.Size([128]): 
PretrainedInit: load from open-mmlab://detectron2/resnet101_caffe 

backbone.layer2.0.bn1.bias - torch.Size([128]): 
PretrainedInit: load from open-mmlab://detectron2/resnet101_caffe 

backbone.layer2.0.conv2.weight - torch.Size([128, 128, 3, 3]): 
PretrainedInit: load from open-mmlab://detectron2/resnet101_caffe 

backbone.layer2.0.bn2.weight - torch.Size([128]): 
PretrainedInit: load from open-mmlab://detectron2/resnet101_caffe 

backbone.layer2.0.bn2.bias - torch.Size([128]): 
PretrainedInit: load from open-mmlab://detectron2/resnet101_caffe 

backbone.layer2.0.conv3.weight - torch.Size([512, 128, 1, 1]): 
PretrainedInit: load from open-mmlab://detectron2/resnet101_caffe 

backbone.layer2.0.bn3.weight - torch.Size([512]): 
PretrainedInit: load from open-mmlab://detectron2/resnet101_caffe 

backbone.layer2.0.bn3.bias - torch.Size([512]): 
PretrainedInit: load from open-mmlab://detectron2/resnet101_caffe 

backbone.layer2.0.downsample.0.weight - torch.Size([512, 256, 1, 1]): 
PretrainedInit: load from open-mmlab://detectron2/resnet101_caffe 

backbone.layer2.0.downsample.1.weight - torch.Size([512]): 
PretrainedInit: load from open-mmlab://detectron2/resnet101_caffe 

backbone.layer2.0.downsample.1.bias - torch.Size([512]): 
PretrainedInit: load from open-mmlab://detectron2/resnet101_caffe 

backbone.layer2.1.conv1.weight - torch.Size([128, 512, 1, 1]): 
PretrainedInit: load from open-mmlab://detectron2/resnet101_caffe 

backbone.layer2.1.bn1.weight - torch.Size([128]): 
PretrainedInit: load from open-mmlab://detectron2/resnet101_caffe 

backbone.layer2.1.bn1.bias - torch.Size([128]): 
PretrainedInit: load from open-mmlab://detectron2/resnet101_caffe 

backbone.layer2.1.conv2.weight - torch.Size([128, 128, 3, 3]): 
PretrainedInit: load from open-mmlab://detectron2/resnet101_caffe 

backbone.layer2.1.bn2.weight - torch.Size([128]): 
PretrainedInit: load from open-mmlab://detectron2/resnet101_caffe 

backbone.layer2.1.bn2.bias - torch.Size([128]): 
PretrainedInit: load from open-mmlab://detectron2/resnet101_caffe 

backbone.layer2.1.conv3.weight - torch.Size([512, 128, 1, 1]): 
PretrainedInit: load from open-mmlab://detectron2/resnet101_caffe 

backbone.layer2.1.bn3.weight - torch.Size([512]): 
PretrainedInit: load from open-mmlab://detectron2/resnet101_caffe 

backbone.layer2.1.bn3.bias - torch.Size([512]): 
PretrainedInit: load from open-mmlab://detectron2/resnet101_caffe 

backbone.layer2.2.conv1.weight - torch.Size([128, 512, 1, 1]): 
PretrainedInit: load from open-mmlab://detectron2/resnet101_caffe 

backbone.layer2.2.bn1.weight - torch.Size([128]): 
PretrainedInit: load from open-mmlab://detectron2/resnet101_caffe 

backbone.layer2.2.bn1.bias - torch.Size([128]): 
PretrainedInit: load from open-mmlab://detectron2/resnet101_caffe 

backbone.layer2.2.conv2.weight - torch.Size([128, 128, 3, 3]): 
PretrainedInit: load from open-mmlab://detectron2/resnet101_caffe 

backbone.layer2.2.bn2.weight - torch.Size([128]): 
PretrainedInit: load from open-mmlab://detectron2/resnet101_caffe 

backbone.layer2.2.bn2.bias - torch.Size([128]): 
PretrainedInit: load from open-mmlab://detectron2/resnet101_caffe 

backbone.layer2.2.conv3.weight - torch.Size([512, 128, 1, 1]): 
PretrainedInit: load from open-mmlab://detectron2/resnet101_caffe 

backbone.layer2.2.bn3.weight - torch.Size([512]): 
PretrainedInit: load from open-mmlab://detectron2/resnet101_caffe 

backbone.layer2.2.bn3.bias - torch.Size([512]): 
PretrainedInit: load from open-mmlab://detectron2/resnet101_caffe 

backbone.layer2.3.conv1.weight - torch.Size([128, 512, 1, 1]): 
PretrainedInit: load from open-mmlab://detectron2/resnet101_caffe 

backbone.layer2.3.bn1.weight - torch.Size([128]): 
PretrainedInit: load from open-mmlab://detectron2/resnet101_caffe 

backbone.layer2.3.bn1.bias - torch.Size([128]): 
PretrainedInit: load from open-mmlab://detectron2/resnet101_caffe 

backbone.layer2.3.conv2.weight - torch.Size([128, 128, 3, 3]): 
PretrainedInit: load from open-mmlab://detectron2/resnet101_caffe 

backbone.layer2.3.bn2.weight - torch.Size([128]): 
PretrainedInit: load from open-mmlab://detectron2/resnet101_caffe 

backbone.layer2.3.bn2.bias - torch.Size([128]): 
PretrainedInit: load from open-mmlab://detectron2/resnet101_caffe 

backbone.layer2.3.conv3.weight - torch.Size([512, 128, 1, 1]): 
PretrainedInit: load from open-mmlab://detectron2/resnet101_caffe 

backbone.layer2.3.bn3.weight - torch.Size([512]): 
PretrainedInit: load from open-mmlab://detectron2/resnet101_caffe 

backbone.layer2.3.bn3.bias - torch.Size([512]): 
PretrainedInit: load from open-mmlab://detectron2/resnet101_caffe 

backbone.layer3.0.conv1.weight - torch.Size([256, 512, 1, 1]): 
PretrainedInit: load from open-mmlab://detectron2/resnet101_caffe 

backbone.layer3.0.bn1.weight - torch.Size([256]): 
PretrainedInit: load from open-mmlab://detectron2/resnet101_caffe 

backbone.layer3.0.bn1.bias - torch.Size([256]): 
PretrainedInit: load from open-mmlab://detectron2/resnet101_caffe 

backbone.layer3.0.conv2.weight - torch.Size([256, 256, 3, 3]): 
PretrainedInit: load from open-mmlab://detectron2/resnet101_caffe 

backbone.layer3.0.conv2.conv_offset.weight - torch.Size([27, 256, 3, 3]): 
The value is the same before and after calling `init_weights` of FCOSMono3D  

backbone.layer3.0.conv2.conv_offset.bias - torch.Size([27]): 
The value is the same before and after calling `init_weights` of FCOSMono3D  

backbone.layer3.0.bn2.weight - torch.Size([256]): 
PretrainedInit: load from open-mmlab://detectron2/resnet101_caffe 

backbone.layer3.0.bn2.bias - torch.Size([256]): 
PretrainedInit: load from open-mmlab://detectron2/resnet101_caffe 

backbone.layer3.0.conv3.weight - torch.Size([1024, 256, 1, 1]): 
PretrainedInit: load from open-mmlab://detectron2/resnet101_caffe 

backbone.layer3.0.bn3.weight - torch.Size([1024]): 
PretrainedInit: load from open-mmlab://detectron2/resnet101_caffe 

backbone.layer3.0.bn3.bias - torch.Size([1024]): 
PretrainedInit: load from open-mmlab://detectron2/resnet101_caffe 

backbone.layer3.0.downsample.0.weight - torch.Size([1024, 512, 1, 1]): 
PretrainedInit: load from open-mmlab://detectron2/resnet101_caffe 

backbone.layer3.0.downsample.1.weight - torch.Size([1024]): 
PretrainedInit: load from open-mmlab://detectron2/resnet101_caffe 

backbone.layer3.0.downsample.1.bias - torch.Size([1024]): 
PretrainedInit: load from open-mmlab://detectron2/resnet101_caffe 

backbone.layer3.1.conv1.weight - torch.Size([256, 1024, 1, 1]): 
PretrainedInit: load from open-mmlab://detectron2/resnet101_caffe 

backbone.layer3.1.bn1.weight - torch.Size([256]): 
PretrainedInit: load from open-mmlab://detectron2/resnet101_caffe 

backbone.layer3.1.bn1.bias - torch.Size([256]): 
PretrainedInit: load from open-mmlab://detectron2/resnet101_caffe 

backbone.layer3.1.conv2.weight - torch.Size([256, 256, 3, 3]): 
PretrainedInit: load from open-mmlab://detectron2/resnet101_caffe 

backbone.layer3.1.conv2.conv_offset.weight - torch.Size([27, 256, 3, 3]): 
The value is the same before and after calling `init_weights` of FCOSMono3D  

backbone.layer3.1.conv2.conv_offset.bias - torch.Size([27]): 
The value is the same before and after calling `init_weights` of FCOSMono3D  

backbone.layer3.1.bn2.weight - torch.Size([256]): 
PretrainedInit: load from open-mmlab://detectron2/resnet101_caffe 

backbone.layer3.1.bn2.bias - torch.Size([256]): 
PretrainedInit: load from open-mmlab://detectron2/resnet101_caffe 

backbone.layer3.1.conv3.weight - torch.Size([1024, 256, 1, 1]): 
PretrainedInit: load from open-mmlab://detectron2/resnet101_caffe 

backbone.layer3.1.bn3.weight - torch.Size([1024]): 
PretrainedInit: load from open-mmlab://detectron2/resnet101_caffe 

backbone.layer3.1.bn3.bias - torch.Size([1024]): 
PretrainedInit: load from open-mmlab://detectron2/resnet101_caffe 

backbone.layer3.2.conv1.weight - torch.Size([256, 1024, 1, 1]): 
PretrainedInit: load from open-mmlab://detectron2/resnet101_caffe 

backbone.layer3.2.bn1.weight - torch.Size([256]): 
PretrainedInit: load from open-mmlab://detectron2/resnet101_caffe 

backbone.layer3.2.bn1.bias - torch.Size([256]): 
PretrainedInit: load from open-mmlab://detectron2/resnet101_caffe 

backbone.layer3.2.conv2.weight - torch.Size([256, 256, 3, 3]): 
PretrainedInit: load from open-mmlab://detectron2/resnet101_caffe 

backbone.layer3.2.conv2.conv_offset.weight - torch.Size([27, 256, 3, 3]): 
The value is the same before and after calling `init_weights` of FCOSMono3D  

backbone.layer3.2.conv2.conv_offset.bias - torch.Size([27]): 
The value is the same before and after calling `init_weights` of FCOSMono3D  

backbone.layer3.2.bn2.weight - torch.Size([256]): 
PretrainedInit: load from open-mmlab://detectron2/resnet101_caffe 

backbone.layer3.2.bn2.bias - torch.Size([256]): 
PretrainedInit: load from open-mmlab://detectron2/resnet101_caffe 

backbone.layer3.2.conv3.weight - torch.Size([1024, 256, 1, 1]): 
PretrainedInit: load from open-mmlab://detectron2/resnet101_caffe 

backbone.layer3.2.bn3.weight - torch.Size([1024]): 
PretrainedInit: load from open-mmlab://detectron2/resnet101_caffe 

backbone.layer3.2.bn3.bias - torch.Size([1024]): 
PretrainedInit: load from open-mmlab://detectron2/resnet101_caffe 

backbone.layer3.3.conv1.weight - torch.Size([256, 1024, 1, 1]): 
PretrainedInit: load from open-mmlab://detectron2/resnet101_caffe 

backbone.layer3.3.bn1.weight - torch.Size([256]): 
PretrainedInit: load from open-mmlab://detectron2/resnet101_caffe 

backbone.layer3.3.bn1.bias - torch.Size([256]): 
PretrainedInit: load from open-mmlab://detectron2/resnet101_caffe 

backbone.layer3.3.conv2.weight - torch.Size([256, 256, 3, 3]): 
PretrainedInit: load from open-mmlab://detectron2/resnet101_caffe 

backbone.layer3.3.conv2.conv_offset.weight - torch.Size([27, 256, 3, 3]): 
The value is the same before and after calling `init_weights` of FCOSMono3D  

backbone.layer3.3.conv2.conv_offset.bias - torch.Size([27]): 
The value is the same before and after calling `init_weights` of FCOSMono3D  

backbone.layer3.3.bn2.weight - torch.Size([256]): 
PretrainedInit: load from open-mmlab://detectron2/resnet101_caffe 

backbone.layer3.3.bn2.bias - torch.Size([256]): 
PretrainedInit: load from open-mmlab://detectron2/resnet101_caffe 

backbone.layer3.3.conv3.weight - torch.Size([1024, 256, 1, 1]): 
PretrainedInit: load from open-mmlab://detectron2/resnet101_caffe 

backbone.layer3.3.bn3.weight - torch.Size([1024]): 
PretrainedInit: load from open-mmlab://detectron2/resnet101_caffe 

backbone.layer3.3.bn3.bias - torch.Size([1024]): 
PretrainedInit: load from open-mmlab://detectron2/resnet101_caffe 

backbone.layer3.4.conv1.weight - torch.Size([256, 1024, 1, 1]): 
PretrainedInit: load from open-mmlab://detectron2/resnet101_caffe 

backbone.layer3.4.bn1.weight - torch.Size([256]): 
PretrainedInit: load from open-mmlab://detectron2/resnet101_caffe 

backbone.layer3.4.bn1.bias - torch.Size([256]): 
PretrainedInit: load from open-mmlab://detectron2/resnet101_caffe 

backbone.layer3.4.conv2.weight - torch.Size([256, 256, 3, 3]): 
PretrainedInit: load from open-mmlab://detectron2/resnet101_caffe 

backbone.layer3.4.conv2.conv_offset.weight - torch.Size([27, 256, 3, 3]): 
The value is the same before and after calling `init_weights` of FCOSMono3D  

backbone.layer3.4.conv2.conv_offset.bias - torch.Size([27]): 
The value is the same before and after calling `init_weights` of FCOSMono3D  

backbone.layer3.4.bn2.weight - torch.Size([256]): 
PretrainedInit: load from open-mmlab://detectron2/resnet101_caffe 

backbone.layer3.4.bn2.bias - torch.Size([256]): 
PretrainedInit: load from open-mmlab://detectron2/resnet101_caffe 

backbone.layer3.4.conv3.weight - torch.Size([1024, 256, 1, 1]): 
PretrainedInit: load from open-mmlab://detectron2/resnet101_caffe 

backbone.layer3.4.bn3.weight - torch.Size([1024]): 
PretrainedInit: load from open-mmlab://detectron2/resnet101_caffe 

backbone.layer3.4.bn3.bias - torch.Size([1024]): 
PretrainedInit: load from open-mmlab://detectron2/resnet101_caffe 

backbone.layer3.5.conv1.weight - torch.Size([256, 1024, 1, 1]): 
PretrainedInit: load from open-mmlab://detectron2/resnet101_caffe 

backbone.layer3.5.bn1.weight - torch.Size([256]): 
PretrainedInit: load from open-mmlab://detectron2/resnet101_caffe 

backbone.layer3.5.bn1.bias - torch.Size([256]): 
PretrainedInit: load from open-mmlab://detectron2/resnet101_caffe 

backbone.layer3.5.conv2.weight - torch.Size([256, 256, 3, 3]): 
PretrainedInit: load from open-mmlab://detectron2/resnet101_caffe 

backbone.layer3.5.conv2.conv_offset.weight - torch.Size([27, 256, 3, 3]): 
The value is the same before and after calling `init_weights` of FCOSMono3D  

backbone.layer3.5.conv2.conv_offset.bias - torch.Size([27]): 
The value is the same before and after calling `init_weights` of FCOSMono3D  

backbone.layer3.5.bn2.weight - torch.Size([256]): 
PretrainedInit: load from open-mmlab://detectron2/resnet101_caffe 

backbone.layer3.5.bn2.bias - torch.Size([256]): 
PretrainedInit: load from open-mmlab://detectron2/resnet101_caffe 

backbone.layer3.5.conv3.weight - torch.Size([1024, 256, 1, 1]): 
PretrainedInit: load from open-mmlab://detectron2/resnet101_caffe 

backbone.layer3.5.bn3.weight - torch.Size([1024]): 
PretrainedInit: load from open-mmlab://detectron2/resnet101_caffe 

backbone.layer3.5.bn3.bias - torch.Size([1024]): 
PretrainedInit: load from open-mmlab://detectron2/resnet101_caffe 

backbone.layer3.6.conv1.weight - torch.Size([256, 1024, 1, 1]): 
PretrainedInit: load from open-mmlab://detectron2/resnet101_caffe 

backbone.layer3.6.bn1.weight - torch.Size([256]): 
PretrainedInit: load from open-mmlab://detectron2/resnet101_caffe 

backbone.layer3.6.bn1.bias - torch.Size([256]): 
PretrainedInit: load from open-mmlab://detectron2/resnet101_caffe 

backbone.layer3.6.conv2.weight - torch.Size([256, 256, 3, 3]): 
PretrainedInit: load from open-mmlab://detectron2/resnet101_caffe 

backbone.layer3.6.conv2.conv_offset.weight - torch.Size([27, 256, 3, 3]): 
The value is the same before and after calling `init_weights` of FCOSMono3D  

backbone.layer3.6.conv2.conv_offset.bias - torch.Size([27]): 
The value is the same before and after calling `init_weights` of FCOSMono3D  

backbone.layer3.6.bn2.weight - torch.Size([256]): 
PretrainedInit: load from open-mmlab://detectron2/resnet101_caffe 

backbone.layer3.6.bn2.bias - torch.Size([256]): 
PretrainedInit: load from open-mmlab://detectron2/resnet101_caffe 

backbone.layer3.6.conv3.weight - torch.Size([1024, 256, 1, 1]): 
PretrainedInit: load from open-mmlab://detectron2/resnet101_caffe 

backbone.layer3.6.bn3.weight - torch.Size([1024]): 
PretrainedInit: load from open-mmlab://detectron2/resnet101_caffe 

backbone.layer3.6.bn3.bias - torch.Size([1024]): 
PretrainedInit: load from open-mmlab://detectron2/resnet101_caffe 

backbone.layer3.7.conv1.weight - torch.Size([256, 1024, 1, 1]): 
PretrainedInit: load from open-mmlab://detectron2/resnet101_caffe 

backbone.layer3.7.bn1.weight - torch.Size([256]): 
PretrainedInit: load from open-mmlab://detectron2/resnet101_caffe 

backbone.layer3.7.bn1.bias - torch.Size([256]): 
PretrainedInit: load from open-mmlab://detectron2/resnet101_caffe 

backbone.layer3.7.conv2.weight - torch.Size([256, 256, 3, 3]): 
PretrainedInit: load from open-mmlab://detectron2/resnet101_caffe 

backbone.layer3.7.conv2.conv_offset.weight - torch.Size([27, 256, 3, 3]): 
The value is the same before and after calling `init_weights` of FCOSMono3D  

backbone.layer3.7.conv2.conv_offset.bias - torch.Size([27]): 
The value is the same before and after calling `init_weights` of FCOSMono3D  

backbone.layer3.7.bn2.weight - torch.Size([256]): 
PretrainedInit: load from open-mmlab://detectron2/resnet101_caffe 

backbone.layer3.7.bn2.bias - torch.Size([256]): 
PretrainedInit: load from open-mmlab://detectron2/resnet101_caffe 

backbone.layer3.7.conv3.weight - torch.Size([1024, 256, 1, 1]): 
PretrainedInit: load from open-mmlab://detectron2/resnet101_caffe 

backbone.layer3.7.bn3.weight - torch.Size([1024]): 
PretrainedInit: load from open-mmlab://detectron2/resnet101_caffe 

backbone.layer3.7.bn3.bias - torch.Size([1024]): 
PretrainedInit: load from open-mmlab://detectron2/resnet101_caffe 

backbone.layer3.8.conv1.weight - torch.Size([256, 1024, 1, 1]): 
PretrainedInit: load from open-mmlab://detectron2/resnet101_caffe 

backbone.layer3.8.bn1.weight - torch.Size([256]): 
PretrainedInit: load from open-mmlab://detectron2/resnet101_caffe 

backbone.layer3.8.bn1.bias - torch.Size([256]): 
PretrainedInit: load from open-mmlab://detectron2/resnet101_caffe 

backbone.layer3.8.conv2.weight - torch.Size([256, 256, 3, 3]): 
PretrainedInit: load from open-mmlab://detectron2/resnet101_caffe 

backbone.layer3.8.conv2.conv_offset.weight - torch.Size([27, 256, 3, 3]): 
The value is the same before and after calling `init_weights` of FCOSMono3D  

backbone.layer3.8.conv2.conv_offset.bias - torch.Size([27]): 
The value is the same before and after calling `init_weights` of FCOSMono3D  

backbone.layer3.8.bn2.weight - torch.Size([256]): 
PretrainedInit: load from open-mmlab://detectron2/resnet101_caffe 

backbone.layer3.8.bn2.bias - torch.Size([256]): 
PretrainedInit: load from open-mmlab://detectron2/resnet101_caffe 

backbone.layer3.8.conv3.weight - torch.Size([1024, 256, 1, 1]): 
PretrainedInit: load from open-mmlab://detectron2/resnet101_caffe 

backbone.layer3.8.bn3.weight - torch.Size([1024]): 
PretrainedInit: load from open-mmlab://detectron2/resnet101_caffe 

backbone.layer3.8.bn3.bias - torch.Size([1024]): 
PretrainedInit: load from open-mmlab://detectron2/resnet101_caffe 

backbone.layer3.9.conv1.weight - torch.Size([256, 1024, 1, 1]): 
PretrainedInit: load from open-mmlab://detectron2/resnet101_caffe 

backbone.layer3.9.bn1.weight - torch.Size([256]): 
PretrainedInit: load from open-mmlab://detectron2/resnet101_caffe 

backbone.layer3.9.bn1.bias - torch.Size([256]): 
PretrainedInit: load from open-mmlab://detectron2/resnet101_caffe 

backbone.layer3.9.conv2.weight - torch.Size([256, 256, 3, 3]): 
PretrainedInit: load from open-mmlab://detectron2/resnet101_caffe 

backbone.layer3.9.conv2.conv_offset.weight - torch.Size([27, 256, 3, 3]): 
The value is the same before and after calling `init_weights` of FCOSMono3D  

backbone.layer3.9.conv2.conv_offset.bias - torch.Size([27]): 
The value is the same before and after calling `init_weights` of FCOSMono3D  

backbone.layer3.9.bn2.weight - torch.Size([256]): 
PretrainedInit: load from open-mmlab://detectron2/resnet101_caffe 

backbone.layer3.9.bn2.bias - torch.Size([256]): 
PretrainedInit: load from open-mmlab://detectron2/resnet101_caffe 

backbone.layer3.9.conv3.weight - torch.Size([1024, 256, 1, 1]): 
PretrainedInit: load from open-mmlab://detectron2/resnet101_caffe 

backbone.layer3.9.bn3.weight - torch.Size([1024]): 
PretrainedInit: load from open-mmlab://detectron2/resnet101_caffe 

backbone.layer3.9.bn3.bias - torch.Size([1024]): 
PretrainedInit: load from open-mmlab://detectron2/resnet101_caffe 

backbone.layer3.10.conv1.weight - torch.Size([256, 1024, 1, 1]): 
PretrainedInit: load from open-mmlab://detectron2/resnet101_caffe 

backbone.layer3.10.bn1.weight - torch.Size([256]): 
PretrainedInit: load from open-mmlab://detectron2/resnet101_caffe 

backbone.layer3.10.bn1.bias - torch.Size([256]): 
PretrainedInit: load from open-mmlab://detectron2/resnet101_caffe 

backbone.layer3.10.conv2.weight - torch.Size([256, 256, 3, 3]): 
PretrainedInit: load from open-mmlab://detectron2/resnet101_caffe 

backbone.layer3.10.conv2.conv_offset.weight - torch.Size([27, 256, 3, 3]): 
The value is the same before and after calling `init_weights` of FCOSMono3D  

backbone.layer3.10.conv2.conv_offset.bias - torch.Size([27]): 
The value is the same before and after calling `init_weights` of FCOSMono3D  

backbone.layer3.10.bn2.weight - torch.Size([256]): 
PretrainedInit: load from open-mmlab://detectron2/resnet101_caffe 

backbone.layer3.10.bn2.bias - torch.Size([256]): 
PretrainedInit: load from open-mmlab://detectron2/resnet101_caffe 

backbone.layer3.10.conv3.weight - torch.Size([1024, 256, 1, 1]): 
PretrainedInit: load from open-mmlab://detectron2/resnet101_caffe 

backbone.layer3.10.bn3.weight - torch.Size([1024]): 
PretrainedInit: load from open-mmlab://detectron2/resnet101_caffe 

backbone.layer3.10.bn3.bias - torch.Size([1024]): 
PretrainedInit: load from open-mmlab://detectron2/resnet101_caffe 

backbone.layer3.11.conv1.weight - torch.Size([256, 1024, 1, 1]): 
PretrainedInit: load from open-mmlab://detectron2/resnet101_caffe 

backbone.layer3.11.bn1.weight - torch.Size([256]): 
PretrainedInit: load from open-mmlab://detectron2/resnet101_caffe 

backbone.layer3.11.bn1.bias - torch.Size([256]): 
PretrainedInit: load from open-mmlab://detectron2/resnet101_caffe 

backbone.layer3.11.conv2.weight - torch.Size([256, 256, 3, 3]): 
PretrainedInit: load from open-mmlab://detectron2/resnet101_caffe 

backbone.layer3.11.conv2.conv_offset.weight - torch.Size([27, 256, 3, 3]): 
The value is the same before and after calling `init_weights` of FCOSMono3D  

backbone.layer3.11.conv2.conv_offset.bias - torch.Size([27]): 
The value is the same before and after calling `init_weights` of FCOSMono3D  

backbone.layer3.11.bn2.weight - torch.Size([256]): 
PretrainedInit: load from open-mmlab://detectron2/resnet101_caffe 

backbone.layer3.11.bn2.bias - torch.Size([256]): 
PretrainedInit: load from open-mmlab://detectron2/resnet101_caffe 

backbone.layer3.11.conv3.weight - torch.Size([1024, 256, 1, 1]): 
PretrainedInit: load from open-mmlab://detectron2/resnet101_caffe 

backbone.layer3.11.bn3.weight - torch.Size([1024]): 
PretrainedInit: load from open-mmlab://detectron2/resnet101_caffe 

backbone.layer3.11.bn3.bias - torch.Size([1024]): 
PretrainedInit: load from open-mmlab://detectron2/resnet101_caffe 

backbone.layer3.12.conv1.weight - torch.Size([256, 1024, 1, 1]): 
PretrainedInit: load from open-mmlab://detectron2/resnet101_caffe 

backbone.layer3.12.bn1.weight - torch.Size([256]): 
PretrainedInit: load from open-mmlab://detectron2/resnet101_caffe 

backbone.layer3.12.bn1.bias - torch.Size([256]): 
PretrainedInit: load from open-mmlab://detectron2/resnet101_caffe 

backbone.layer3.12.conv2.weight - torch.Size([256, 256, 3, 3]): 
PretrainedInit: load from open-mmlab://detectron2/resnet101_caffe 

backbone.layer3.12.conv2.conv_offset.weight - torch.Size([27, 256, 3, 3]): 
The value is the same before and after calling `init_weights` of FCOSMono3D  

backbone.layer3.12.conv2.conv_offset.bias - torch.Size([27]): 
The value is the same before and after calling `init_weights` of FCOSMono3D  

backbone.layer3.12.bn2.weight - torch.Size([256]): 
PretrainedInit: load from open-mmlab://detectron2/resnet101_caffe 

backbone.layer3.12.bn2.bias - torch.Size([256]): 
PretrainedInit: load from open-mmlab://detectron2/resnet101_caffe 

backbone.layer3.12.conv3.weight - torch.Size([1024, 256, 1, 1]): 
PretrainedInit: load from open-mmlab://detectron2/resnet101_caffe 

backbone.layer3.12.bn3.weight - torch.Size([1024]): 
PretrainedInit: load from open-mmlab://detectron2/resnet101_caffe 

backbone.layer3.12.bn3.bias - torch.Size([1024]): 
PretrainedInit: load from open-mmlab://detectron2/resnet101_caffe 

backbone.layer3.13.conv1.weight - torch.Size([256, 1024, 1, 1]): 
PretrainedInit: load from open-mmlab://detectron2/resnet101_caffe 

backbone.layer3.13.bn1.weight - torch.Size([256]): 
PretrainedInit: load from open-mmlab://detectron2/resnet101_caffe 

backbone.layer3.13.bn1.bias - torch.Size([256]): 
PretrainedInit: load from open-mmlab://detectron2/resnet101_caffe 

backbone.layer3.13.conv2.weight - torch.Size([256, 256, 3, 3]): 
PretrainedInit: load from open-mmlab://detectron2/resnet101_caffe 

backbone.layer3.13.conv2.conv_offset.weight - torch.Size([27, 256, 3, 3]): 
The value is the same before and after calling `init_weights` of FCOSMono3D  

backbone.layer3.13.conv2.conv_offset.bias - torch.Size([27]): 
The value is the same before and after calling `init_weights` of FCOSMono3D  

backbone.layer3.13.bn2.weight - torch.Size([256]): 
PretrainedInit: load from open-mmlab://detectron2/resnet101_caffe 

backbone.layer3.13.bn2.bias - torch.Size([256]): 
PretrainedInit: load from open-mmlab://detectron2/resnet101_caffe 

backbone.layer3.13.conv3.weight - torch.Size([1024, 256, 1, 1]): 
PretrainedInit: load from open-mmlab://detectron2/resnet101_caffe 

backbone.layer3.13.bn3.weight - torch.Size([1024]): 
PretrainedInit: load from open-mmlab://detectron2/resnet101_caffe 

backbone.layer3.13.bn3.bias - torch.Size([1024]): 
PretrainedInit: load from open-mmlab://detectron2/resnet101_caffe 

backbone.layer3.14.conv1.weight - torch.Size([256, 1024, 1, 1]): 
PretrainedInit: load from open-mmlab://detectron2/resnet101_caffe 

backbone.layer3.14.bn1.weight - torch.Size([256]): 
PretrainedInit: load from open-mmlab://detectron2/resnet101_caffe 

backbone.layer3.14.bn1.bias - torch.Size([256]): 
PretrainedInit: load from open-mmlab://detectron2/resnet101_caffe 

backbone.layer3.14.conv2.weight - torch.Size([256, 256, 3, 3]): 
PretrainedInit: load from open-mmlab://detectron2/resnet101_caffe 

backbone.layer3.14.conv2.conv_offset.weight - torch.Size([27, 256, 3, 3]): 
The value is the same before and after calling `init_weights` of FCOSMono3D  

backbone.layer3.14.conv2.conv_offset.bias - torch.Size([27]): 
The value is the same before and after calling `init_weights` of FCOSMono3D  

backbone.layer3.14.bn2.weight - torch.Size([256]): 
PretrainedInit: load from open-mmlab://detectron2/resnet101_caffe 

backbone.layer3.14.bn2.bias - torch.Size([256]): 
PretrainedInit: load from open-mmlab://detectron2/resnet101_caffe 

backbone.layer3.14.conv3.weight - torch.Size([1024, 256, 1, 1]): 
PretrainedInit: load from open-mmlab://detectron2/resnet101_caffe 

backbone.layer3.14.bn3.weight - torch.Size([1024]): 
PretrainedInit: load from open-mmlab://detectron2/resnet101_caffe 

backbone.layer3.14.bn3.bias - torch.Size([1024]): 
PretrainedInit: load from open-mmlab://detectron2/resnet101_caffe 

backbone.layer3.15.conv1.weight - torch.Size([256, 1024, 1, 1]): 
PretrainedInit: load from open-mmlab://detectron2/resnet101_caffe 

backbone.layer3.15.bn1.weight - torch.Size([256]): 
PretrainedInit: load from open-mmlab://detectron2/resnet101_caffe 

backbone.layer3.15.bn1.bias - torch.Size([256]): 
PretrainedInit: load from open-mmlab://detectron2/resnet101_caffe 

backbone.layer3.15.conv2.weight - torch.Size([256, 256, 3, 3]): 
PretrainedInit: load from open-mmlab://detectron2/resnet101_caffe 

backbone.layer3.15.conv2.conv_offset.weight - torch.Size([27, 256, 3, 3]): 
The value is the same before and after calling `init_weights` of FCOSMono3D  

backbone.layer3.15.conv2.conv_offset.bias - torch.Size([27]): 
The value is the same before and after calling `init_weights` of FCOSMono3D  

backbone.layer3.15.bn2.weight - torch.Size([256]): 
PretrainedInit: load from open-mmlab://detectron2/resnet101_caffe 

backbone.layer3.15.bn2.bias - torch.Size([256]): 
PretrainedInit: load from open-mmlab://detectron2/resnet101_caffe 

backbone.layer3.15.conv3.weight - torch.Size([1024, 256, 1, 1]): 
PretrainedInit: load from open-mmlab://detectron2/resnet101_caffe 

backbone.layer3.15.bn3.weight - torch.Size([1024]): 
PretrainedInit: load from open-mmlab://detectron2/resnet101_caffe 

backbone.layer3.15.bn3.bias - torch.Size([1024]): 
PretrainedInit: load from open-mmlab://detectron2/resnet101_caffe 

backbone.layer3.16.conv1.weight - torch.Size([256, 1024, 1, 1]): 
PretrainedInit: load from open-mmlab://detectron2/resnet101_caffe 

backbone.layer3.16.bn1.weight - torch.Size([256]): 
PretrainedInit: load from open-mmlab://detectron2/resnet101_caffe 

backbone.layer3.16.bn1.bias - torch.Size([256]): 
PretrainedInit: load from open-mmlab://detectron2/resnet101_caffe 

backbone.layer3.16.conv2.weight - torch.Size([256, 256, 3, 3]): 
PretrainedInit: load from open-mmlab://detectron2/resnet101_caffe 

backbone.layer3.16.conv2.conv_offset.weight - torch.Size([27, 256, 3, 3]): 
The value is the same before and after calling `init_weights` of FCOSMono3D  

backbone.layer3.16.conv2.conv_offset.bias - torch.Size([27]): 
The value is the same before and after calling `init_weights` of FCOSMono3D  

backbone.layer3.16.bn2.weight - torch.Size([256]): 
PretrainedInit: load from open-mmlab://detectron2/resnet101_caffe 

backbone.layer3.16.bn2.bias - torch.Size([256]): 
PretrainedInit: load from open-mmlab://detectron2/resnet101_caffe 

backbone.layer3.16.conv3.weight - torch.Size([1024, 256, 1, 1]): 
PretrainedInit: load from open-mmlab://detectron2/resnet101_caffe 

backbone.layer3.16.bn3.weight - torch.Size([1024]): 
PretrainedInit: load from open-mmlab://detectron2/resnet101_caffe 

backbone.layer3.16.bn3.bias - torch.Size([1024]): 
PretrainedInit: load from open-mmlab://detectron2/resnet101_caffe 

backbone.layer3.17.conv1.weight - torch.Size([256, 1024, 1, 1]): 
PretrainedInit: load from open-mmlab://detectron2/resnet101_caffe 

backbone.layer3.17.bn1.weight - torch.Size([256]): 
PretrainedInit: load from open-mmlab://detectron2/resnet101_caffe 

backbone.layer3.17.bn1.bias - torch.Size([256]): 
PretrainedInit: load from open-mmlab://detectron2/resnet101_caffe 

backbone.layer3.17.conv2.weight - torch.Size([256, 256, 3, 3]): 
PretrainedInit: load from open-mmlab://detectron2/resnet101_caffe 

backbone.layer3.17.conv2.conv_offset.weight - torch.Size([27, 256, 3, 3]): 
The value is the same before and after calling `init_weights` of FCOSMono3D  

backbone.layer3.17.conv2.conv_offset.bias - torch.Size([27]): 
The value is the same before and after calling `init_weights` of FCOSMono3D  

backbone.layer3.17.bn2.weight - torch.Size([256]): 
PretrainedInit: load from open-mmlab://detectron2/resnet101_caffe 

backbone.layer3.17.bn2.bias - torch.Size([256]): 
PretrainedInit: load from open-mmlab://detectron2/resnet101_caffe 

backbone.layer3.17.conv3.weight - torch.Size([1024, 256, 1, 1]): 
PretrainedInit: load from open-mmlab://detectron2/resnet101_caffe 

backbone.layer3.17.bn3.weight - torch.Size([1024]): 
PretrainedInit: load from open-mmlab://detectron2/resnet101_caffe 

backbone.layer3.17.bn3.bias - torch.Size([1024]): 
PretrainedInit: load from open-mmlab://detectron2/resnet101_caffe 

backbone.layer3.18.conv1.weight - torch.Size([256, 1024, 1, 1]): 
PretrainedInit: load from open-mmlab://detectron2/resnet101_caffe 

backbone.layer3.18.bn1.weight - torch.Size([256]): 
PretrainedInit: load from open-mmlab://detectron2/resnet101_caffe 

backbone.layer3.18.bn1.bias - torch.Size([256]): 
PretrainedInit: load from open-mmlab://detectron2/resnet101_caffe 

backbone.layer3.18.conv2.weight - torch.Size([256, 256, 3, 3]): 
PretrainedInit: load from open-mmlab://detectron2/resnet101_caffe 

backbone.layer3.18.conv2.conv_offset.weight - torch.Size([27, 256, 3, 3]): 
The value is the same before and after calling `init_weights` of FCOSMono3D  

backbone.layer3.18.conv2.conv_offset.bias - torch.Size([27]): 
The value is the same before and after calling `init_weights` of FCOSMono3D  

backbone.layer3.18.bn2.weight - torch.Size([256]): 
PretrainedInit: load from open-mmlab://detectron2/resnet101_caffe 

backbone.layer3.18.bn2.bias - torch.Size([256]): 
PretrainedInit: load from open-mmlab://detectron2/resnet101_caffe 

backbone.layer3.18.conv3.weight - torch.Size([1024, 256, 1, 1]): 
PretrainedInit: load from open-mmlab://detectron2/resnet101_caffe 

backbone.layer3.18.bn3.weight - torch.Size([1024]): 
PretrainedInit: load from open-mmlab://detectron2/resnet101_caffe 

backbone.layer3.18.bn3.bias - torch.Size([1024]): 
PretrainedInit: load from open-mmlab://detectron2/resnet101_caffe 

backbone.layer3.19.conv1.weight - torch.Size([256, 1024, 1, 1]): 
PretrainedInit: load from open-mmlab://detectron2/resnet101_caffe 

backbone.layer3.19.bn1.weight - torch.Size([256]): 
PretrainedInit: load from open-mmlab://detectron2/resnet101_caffe 

backbone.layer3.19.bn1.bias - torch.Size([256]): 
PretrainedInit: load from open-mmlab://detectron2/resnet101_caffe 

backbone.layer3.19.conv2.weight - torch.Size([256, 256, 3, 3]): 
PretrainedInit: load from open-mmlab://detectron2/resnet101_caffe 

backbone.layer3.19.conv2.conv_offset.weight - torch.Size([27, 256, 3, 3]): 
The value is the same before and after calling `init_weights` of FCOSMono3D  

backbone.layer3.19.conv2.conv_offset.bias - torch.Size([27]): 
The value is the same before and after calling `init_weights` of FCOSMono3D  

backbone.layer3.19.bn2.weight - torch.Size([256]): 
PretrainedInit: load from open-mmlab://detectron2/resnet101_caffe 

backbone.layer3.19.bn2.bias - torch.Size([256]): 
PretrainedInit: load from open-mmlab://detectron2/resnet101_caffe 

backbone.layer3.19.conv3.weight - torch.Size([1024, 256, 1, 1]): 
PretrainedInit: load from open-mmlab://detectron2/resnet101_caffe 

backbone.layer3.19.bn3.weight - torch.Size([1024]): 
PretrainedInit: load from open-mmlab://detectron2/resnet101_caffe 

backbone.layer3.19.bn3.bias - torch.Size([1024]): 
PretrainedInit: load from open-mmlab://detectron2/resnet101_caffe 

backbone.layer3.20.conv1.weight - torch.Size([256, 1024, 1, 1]): 
PretrainedInit: load from open-mmlab://detectron2/resnet101_caffe 

backbone.layer3.20.bn1.weight - torch.Size([256]): 
PretrainedInit: load from open-mmlab://detectron2/resnet101_caffe 

backbone.layer3.20.bn1.bias - torch.Size([256]): 
PretrainedInit: load from open-mmlab://detectron2/resnet101_caffe 

backbone.layer3.20.conv2.weight - torch.Size([256, 256, 3, 3]): 
PretrainedInit: load from open-mmlab://detectron2/resnet101_caffe 

backbone.layer3.20.conv2.conv_offset.weight - torch.Size([27, 256, 3, 3]): 
The value is the same before and after calling `init_weights` of FCOSMono3D  

backbone.layer3.20.conv2.conv_offset.bias - torch.Size([27]): 
The value is the same before and after calling `init_weights` of FCOSMono3D  

backbone.layer3.20.bn2.weight - torch.Size([256]): 
PretrainedInit: load from open-mmlab://detectron2/resnet101_caffe 

backbone.layer3.20.bn2.bias - torch.Size([256]): 
PretrainedInit: load from open-mmlab://detectron2/resnet101_caffe 

backbone.layer3.20.conv3.weight - torch.Size([1024, 256, 1, 1]): 
PretrainedInit: load from open-mmlab://detectron2/resnet101_caffe 

backbone.layer3.20.bn3.weight - torch.Size([1024]): 
PretrainedInit: load from open-mmlab://detectron2/resnet101_caffe 

backbone.layer3.20.bn3.bias - torch.Size([1024]): 
PretrainedInit: load from open-mmlab://detectron2/resnet101_caffe 

backbone.layer3.21.conv1.weight - torch.Size([256, 1024, 1, 1]): 
PretrainedInit: load from open-mmlab://detectron2/resnet101_caffe 

backbone.layer3.21.bn1.weight - torch.Size([256]): 
PretrainedInit: load from open-mmlab://detectron2/resnet101_caffe 

backbone.layer3.21.bn1.bias - torch.Size([256]): 
PretrainedInit: load from open-mmlab://detectron2/resnet101_caffe 

backbone.layer3.21.conv2.weight - torch.Size([256, 256, 3, 3]): 
PretrainedInit: load from open-mmlab://detectron2/resnet101_caffe 

backbone.layer3.21.conv2.conv_offset.weight - torch.Size([27, 256, 3, 3]): 
The value is the same before and after calling `init_weights` of FCOSMono3D  

backbone.layer3.21.conv2.conv_offset.bias - torch.Size([27]): 
The value is the same before and after calling `init_weights` of FCOSMono3D  

backbone.layer3.21.bn2.weight - torch.Size([256]): 
PretrainedInit: load from open-mmlab://detectron2/resnet101_caffe 

backbone.layer3.21.bn2.bias - torch.Size([256]): 
PretrainedInit: load from open-mmlab://detectron2/resnet101_caffe 

backbone.layer3.21.conv3.weight - torch.Size([1024, 256, 1, 1]): 
PretrainedInit: load from open-mmlab://detectron2/resnet101_caffe 

backbone.layer3.21.bn3.weight - torch.Size([1024]): 
PretrainedInit: load from open-mmlab://detectron2/resnet101_caffe 

backbone.layer3.21.bn3.bias - torch.Size([1024]): 
PretrainedInit: load from open-mmlab://detectron2/resnet101_caffe 

backbone.layer3.22.conv1.weight - torch.Size([256, 1024, 1, 1]): 
PretrainedInit: load from open-mmlab://detectron2/resnet101_caffe 

backbone.layer3.22.bn1.weight - torch.Size([256]): 
PretrainedInit: load from open-mmlab://detectron2/resnet101_caffe 

backbone.layer3.22.bn1.bias - torch.Size([256]): 
PretrainedInit: load from open-mmlab://detectron2/resnet101_caffe 

backbone.layer3.22.conv2.weight - torch.Size([256, 256, 3, 3]): 
PretrainedInit: load from open-mmlab://detectron2/resnet101_caffe 

backbone.layer3.22.conv2.conv_offset.weight - torch.Size([27, 256, 3, 3]): 
The value is the same before and after calling `init_weights` of FCOSMono3D  

backbone.layer3.22.conv2.conv_offset.bias - torch.Size([27]): 
The value is the same before and after calling `init_weights` of FCOSMono3D  

backbone.layer3.22.bn2.weight - torch.Size([256]): 
PretrainedInit: load from open-mmlab://detectron2/resnet101_caffe 

backbone.layer3.22.bn2.bias - torch.Size([256]): 
PretrainedInit: load from open-mmlab://detectron2/resnet101_caffe 

backbone.layer3.22.conv3.weight - torch.Size([1024, 256, 1, 1]): 
PretrainedInit: load from open-mmlab://detectron2/resnet101_caffe 

backbone.layer3.22.bn3.weight - torch.Size([1024]): 
PretrainedInit: load from open-mmlab://detectron2/resnet101_caffe 

backbone.layer3.22.bn3.bias - torch.Size([1024]): 
PretrainedInit: load from open-mmlab://detectron2/resnet101_caffe 

backbone.layer4.0.conv1.weight - torch.Size([512, 1024, 1, 1]): 
PretrainedInit: load from open-mmlab://detectron2/resnet101_caffe 

backbone.layer4.0.bn1.weight - torch.Size([512]): 
PretrainedInit: load from open-mmlab://detectron2/resnet101_caffe 

backbone.layer4.0.bn1.bias - torch.Size([512]): 
PretrainedInit: load from open-mmlab://detectron2/resnet101_caffe 

backbone.layer4.0.conv2.weight - torch.Size([512, 512, 3, 3]): 
PretrainedInit: load from open-mmlab://detectron2/resnet101_caffe 

backbone.layer4.0.conv2.conv_offset.weight - torch.Size([27, 512, 3, 3]): 
The value is the same before and after calling `init_weights` of FCOSMono3D  

backbone.layer4.0.conv2.conv_offset.bias - torch.Size([27]): 
The value is the same before and after calling `init_weights` of FCOSMono3D  

backbone.layer4.0.bn2.weight - torch.Size([512]): 
PretrainedInit: load from open-mmlab://detectron2/resnet101_caffe 

backbone.layer4.0.bn2.bias - torch.Size([512]): 
PretrainedInit: load from open-mmlab://detectron2/resnet101_caffe 

backbone.layer4.0.conv3.weight - torch.Size([2048, 512, 1, 1]): 
PretrainedInit: load from open-mmlab://detectron2/resnet101_caffe 

backbone.layer4.0.bn3.weight - torch.Size([2048]): 
PretrainedInit: load from open-mmlab://detectron2/resnet101_caffe 

backbone.layer4.0.bn3.bias - torch.Size([2048]): 
PretrainedInit: load from open-mmlab://detectron2/resnet101_caffe 

backbone.layer4.0.downsample.0.weight - torch.Size([2048, 1024, 1, 1]): 
PretrainedInit: load from open-mmlab://detectron2/resnet101_caffe 

backbone.layer4.0.downsample.1.weight - torch.Size([2048]): 
PretrainedInit: load from open-mmlab://detectron2/resnet101_caffe 

backbone.layer4.0.downsample.1.bias - torch.Size([2048]): 
PretrainedInit: load from open-mmlab://detectron2/resnet101_caffe 

backbone.layer4.1.conv1.weight - torch.Size([512, 2048, 1, 1]): 
PretrainedInit: load from open-mmlab://detectron2/resnet101_caffe 

backbone.layer4.1.bn1.weight - torch.Size([512]): 
PretrainedInit: load from open-mmlab://detectron2/resnet101_caffe 

backbone.layer4.1.bn1.bias - torch.Size([512]): 
PretrainedInit: load from open-mmlab://detectron2/resnet101_caffe 

backbone.layer4.1.conv2.weight - torch.Size([512, 512, 3, 3]): 
PretrainedInit: load from open-mmlab://detectron2/resnet101_caffe 

backbone.layer4.1.conv2.conv_offset.weight - torch.Size([27, 512, 3, 3]): 
The value is the same before and after calling `init_weights` of FCOSMono3D  

backbone.layer4.1.conv2.conv_offset.bias - torch.Size([27]): 
The value is the same before and after calling `init_weights` of FCOSMono3D  

backbone.layer4.1.bn2.weight - torch.Size([512]): 
PretrainedInit: load from open-mmlab://detectron2/resnet101_caffe 

backbone.layer4.1.bn2.bias - torch.Size([512]): 
PretrainedInit: load from open-mmlab://detectron2/resnet101_caffe 

backbone.layer4.1.conv3.weight - torch.Size([2048, 512, 1, 1]): 
PretrainedInit: load from open-mmlab://detectron2/resnet101_caffe 

backbone.layer4.1.bn3.weight - torch.Size([2048]): 
PretrainedInit: load from open-mmlab://detectron2/resnet101_caffe 

backbone.layer4.1.bn3.bias - torch.Size([2048]): 
PretrainedInit: load from open-mmlab://detectron2/resnet101_caffe 

backbone.layer4.2.conv1.weight - torch.Size([512, 2048, 1, 1]): 
PretrainedInit: load from open-mmlab://detectron2/resnet101_caffe 

backbone.layer4.2.bn1.weight - torch.Size([512]): 
PretrainedInit: load from open-mmlab://detectron2/resnet101_caffe 

backbone.layer4.2.bn1.bias - torch.Size([512]): 
PretrainedInit: load from open-mmlab://detectron2/resnet101_caffe 

backbone.layer4.2.conv2.weight - torch.Size([512, 512, 3, 3]): 
PretrainedInit: load from open-mmlab://detectron2/resnet101_caffe 

backbone.layer4.2.conv2.conv_offset.weight - torch.Size([27, 512, 3, 3]): 
The value is the same before and after calling `init_weights` of FCOSMono3D  

backbone.layer4.2.conv2.conv_offset.bias - torch.Size([27]): 
The value is the same before and after calling `init_weights` of FCOSMono3D  

backbone.layer4.2.bn2.weight - torch.Size([512]): 
PretrainedInit: load from open-mmlab://detectron2/resnet101_caffe 

backbone.layer4.2.bn2.bias - torch.Size([512]): 
PretrainedInit: load from open-mmlab://detectron2/resnet101_caffe 

backbone.layer4.2.conv3.weight - torch.Size([2048, 512, 1, 1]): 
PretrainedInit: load from open-mmlab://detectron2/resnet101_caffe 

backbone.layer4.2.bn3.weight - torch.Size([2048]): 
PretrainedInit: load from open-mmlab://detectron2/resnet101_caffe 

backbone.layer4.2.bn3.bias - torch.Size([2048]): 
PretrainedInit: load from open-mmlab://detectron2/resnet101_caffe 

neck.lateral_convs.0.conv.weight - torch.Size([256, 512, 1, 1]): 
XavierInit: gain=1, distribution=uniform, bias=0 

neck.lateral_convs.0.conv.bias - torch.Size([256]): 
The value is the same before and after calling `init_weights` of FCOSMono3D  

neck.lateral_convs.1.conv.weight - torch.Size([256, 1024, 1, 1]): 
XavierInit: gain=1, distribution=uniform, bias=0 

neck.lateral_convs.1.conv.bias - torch.Size([256]): 
The value is the same before and after calling `init_weights` of FCOSMono3D  

neck.lateral_convs.2.conv.weight - torch.Size([256, 2048, 1, 1]): 
XavierInit: gain=1, distribution=uniform, bias=0 

neck.lateral_convs.2.conv.bias - torch.Size([256]): 
The value is the same before and after calling `init_weights` of FCOSMono3D  

neck.fpn_convs.0.conv.weight - torch.Size([256, 256, 3, 3]): 
XavierInit: gain=1, distribution=uniform, bias=0 

neck.fpn_convs.0.conv.bias - torch.Size([256]): 
The value is the same before and after calling `init_weights` of FCOSMono3D  

neck.fpn_convs.1.conv.weight - torch.Size([256, 256, 3, 3]): 
XavierInit: gain=1, distribution=uniform, bias=0 

neck.fpn_convs.1.conv.bias - torch.Size([256]): 
The value is the same before and after calling `init_weights` of FCOSMono3D  

neck.fpn_convs.2.conv.weight - torch.Size([256, 256, 3, 3]): 
XavierInit: gain=1, distribution=uniform, bias=0 

neck.fpn_convs.2.conv.bias - torch.Size([256]): 
The value is the same before and after calling `init_weights` of FCOSMono3D  

neck.fpn_convs.3.conv.weight - torch.Size([256, 256, 3, 3]): 
XavierInit: gain=1, distribution=uniform, bias=0 

neck.fpn_convs.3.conv.bias - torch.Size([256]): 
The value is the same before and after calling `init_weights` of FCOSMono3D  

neck.fpn_convs.4.conv.weight - torch.Size([256, 256, 3, 3]): 
XavierInit: gain=1, distribution=uniform, bias=0 

neck.fpn_convs.4.conv.bias - torch.Size([256]): 
The value is the same before and after calling `init_weights` of FCOSMono3D  

bbox_head.cls_convs.0.conv.weight - torch.Size([256, 256, 3, 3]): 
Initialized by user-defined `init_weights` in FCOSMono3DHead  

bbox_head.cls_convs.0.conv.bias - torch.Size([256]): 
The value is the same before and after calling `init_weights` of FCOSMono3D  

bbox_head.cls_convs.0.gn.weight - torch.Size([256]): 
The value is the same before and after calling `init_weights` of FCOSMono3D  

bbox_head.cls_convs.0.gn.bias - torch.Size([256]): 
The value is the same before and after calling `init_weights` of FCOSMono3D  

bbox_head.cls_convs.1.conv.weight - torch.Size([256, 256, 3, 3]): 
The value is the same before and after calling `init_weights` of FCOSMono3D  

bbox_head.cls_convs.1.conv.bias - torch.Size([256]): 
The value is the same before and after calling `init_weights` of FCOSMono3D  

bbox_head.cls_convs.1.conv.conv_offset.weight - torch.Size([27, 256, 3, 3]): 
The value is the same before and after calling `init_weights` of FCOSMono3D  

bbox_head.cls_convs.1.conv.conv_offset.bias - torch.Size([27]): 
The value is the same before and after calling `init_weights` of FCOSMono3D  

bbox_head.cls_convs.1.gn.weight - torch.Size([256]): 
The value is the same before and after calling `init_weights` of FCOSMono3D  

bbox_head.cls_convs.1.gn.bias - torch.Size([256]): 
The value is the same before and after calling `init_weights` of FCOSMono3D  

bbox_head.reg_convs.0.conv.weight - torch.Size([256, 256, 3, 3]): 
Initialized by user-defined `init_weights` in FCOSMono3DHead  

bbox_head.reg_convs.0.conv.bias - torch.Size([256]): 
The value is the same before and after calling `init_weights` of FCOSMono3D  

bbox_head.reg_convs.0.gn.weight - torch.Size([256]): 
The value is the same before and after calling `init_weights` of FCOSMono3D  

bbox_head.reg_convs.0.gn.bias - torch.Size([256]): 
The value is the same before and after calling `init_weights` of FCOSMono3D  

bbox_head.reg_convs.1.conv.weight - torch.Size([256, 256, 3, 3]): 
The value is the same before and after calling `init_weights` of FCOSMono3D  

bbox_head.reg_convs.1.conv.bias - torch.Size([256]): 
The value is the same before and after calling `init_weights` of FCOSMono3D  

bbox_head.reg_convs.1.conv.conv_offset.weight - torch.Size([27, 256, 3, 3]): 
The value is the same before and after calling `init_weights` of FCOSMono3D  

bbox_head.reg_convs.1.conv.conv_offset.bias - torch.Size([27]): 
The value is the same before and after calling `init_weights` of FCOSMono3D  

bbox_head.reg_convs.1.gn.weight - torch.Size([256]): 
The value is the same before and after calling `init_weights` of FCOSMono3D  

bbox_head.reg_convs.1.gn.bias - torch.Size([256]): 
The value is the same before and after calling `init_weights` of FCOSMono3D  

bbox_head.conv_cls_prev.0.conv.weight - torch.Size([256, 256, 3, 3]): 
Initialized by user-defined `init_weights` in FCOSMono3DHead  

bbox_head.conv_cls_prev.0.conv.bias - torch.Size([256]): 
The value is the same before and after calling `init_weights` of FCOSMono3D  

bbox_head.conv_cls_prev.0.gn.weight - torch.Size([256]): 
The value is the same before and after calling `init_weights` of FCOSMono3D  

bbox_head.conv_cls_prev.0.gn.bias - torch.Size([256]): 
The value is the same before and after calling `init_weights` of FCOSMono3D  

bbox_head.conv_cls.weight - torch.Size([10, 256, 1, 1]): 
Initialized by user-defined `init_weights` in FCOSMono3DHead  

bbox_head.conv_cls.bias - torch.Size([10]): 
Initialized by user-defined `init_weights` in FCOSMono3DHead  

bbox_head.conv_reg_prevs.0.0.conv.weight - torch.Size([256, 256, 3, 3]): 
Initialized by user-defined `init_weights` in FCOSMono3DHead  

bbox_head.conv_reg_prevs.0.0.conv.bias - torch.Size([256]): 
The value is the same before and after calling `init_weights` of FCOSMono3D  

bbox_head.conv_reg_prevs.0.0.gn.weight - torch.Size([256]): 
The value is the same before and after calling `init_weights` of FCOSMono3D  

bbox_head.conv_reg_prevs.0.0.gn.bias - torch.Size([256]): 
The value is the same before and after calling `init_weights` of FCOSMono3D  

bbox_head.conv_reg_prevs.1.0.conv.weight - torch.Size([256, 256, 3, 3]): 
Initialized by user-defined `init_weights` in FCOSMono3DHead  

bbox_head.conv_reg_prevs.1.0.conv.bias - torch.Size([256]): 
The value is the same before and after calling `init_weights` of FCOSMono3D  

bbox_head.conv_reg_prevs.1.0.gn.weight - torch.Size([256]): 
The value is the same before and after calling `init_weights` of FCOSMono3D  

bbox_head.conv_reg_prevs.1.0.gn.bias - torch.Size([256]): 
The value is the same before and after calling `init_weights` of FCOSMono3D  

bbox_head.conv_reg_prevs.2.0.conv.weight - torch.Size([256, 256, 3, 3]): 
Initialized by user-defined `init_weights` in FCOSMono3DHead  

bbox_head.conv_reg_prevs.2.0.conv.bias - torch.Size([256]): 
The value is the same before and after calling `init_weights` of FCOSMono3D  

bbox_head.conv_reg_prevs.2.0.gn.weight - torch.Size([256]): 
The value is the same before and after calling `init_weights` of FCOSMono3D  

bbox_head.conv_reg_prevs.2.0.gn.bias - torch.Size([256]): 
The value is the same before and after calling `init_weights` of FCOSMono3D  

bbox_head.conv_reg_prevs.3.0.conv.weight - torch.Size([256, 256, 3, 3]): 
Initialized by user-defined `init_weights` in FCOSMono3DHead  

bbox_head.conv_reg_prevs.3.0.conv.bias - torch.Size([256]): 
The value is the same before and after calling `init_weights` of FCOSMono3D  

bbox_head.conv_reg_prevs.3.0.gn.weight - torch.Size([256]): 
The value is the same before and after calling `init_weights` of FCOSMono3D  

bbox_head.conv_reg_prevs.3.0.gn.bias - torch.Size([256]): 
The value is the same before and after calling `init_weights` of FCOSMono3D  

bbox_head.conv_regs.0.weight - torch.Size([2, 256, 1, 1]): 
Initialized by user-defined `init_weights` in FCOSMono3DHead  

bbox_head.conv_regs.0.bias - torch.Size([2]): 
Initialized by user-defined `init_weights` in FCOSMono3DHead  

bbox_head.conv_regs.1.weight - torch.Size([1, 256, 1, 1]): 
Initialized by user-defined `init_weights` in FCOSMono3DHead  

bbox_head.conv_regs.1.bias - torch.Size([1]): 
Initialized by user-defined `init_weights` in FCOSMono3DHead  

bbox_head.conv_regs.2.weight - torch.Size([3, 256, 1, 1]): 
Initialized by user-defined `init_weights` in FCOSMono3DHead  

bbox_head.conv_regs.2.bias - torch.Size([3]): 
Initialized by user-defined `init_weights` in FCOSMono3DHead  

bbox_head.conv_regs.3.weight - torch.Size([1, 256, 1, 1]): 
Initialized by user-defined `init_weights` in FCOSMono3DHead  

bbox_head.conv_regs.3.bias - torch.Size([1]): 
Initialized by user-defined `init_weights` in FCOSMono3DHead  

bbox_head.conv_regs.4.weight - torch.Size([2, 256, 1, 1]): 
Initialized by user-defined `init_weights` in FCOSMono3DHead  

bbox_head.conv_regs.4.bias - torch.Size([2]): 
Initialized by user-defined `init_weights` in FCOSMono3DHead  

bbox_head.conv_dir_cls_prev.0.conv.weight - torch.Size([256, 256, 3, 3]): 
Initialized by user-defined `init_weights` in FCOSMono3DHead  

bbox_head.conv_dir_cls_prev.0.conv.bias - torch.Size([256]): 
The value is the same before and after calling `init_weights` of FCOSMono3D  

bbox_head.conv_dir_cls_prev.0.gn.weight - torch.Size([256]): 
The value is the same before and after calling `init_weights` of FCOSMono3D  

bbox_head.conv_dir_cls_prev.0.gn.bias - torch.Size([256]): 
The value is the same before and after calling `init_weights` of FCOSMono3D  

bbox_head.conv_dir_cls.weight - torch.Size([2, 256, 1, 1]): 
Initialized by user-defined `init_weights` in FCOSMono3DHead  

bbox_head.conv_dir_cls.bias - torch.Size([2]): 
Initialized by user-defined `init_weights` in FCOSMono3DHead  

bbox_head.conv_attr_prev.0.conv.weight - torch.Size([256, 256, 3, 3]): 
Initialized by user-defined `init_weights` in FCOSMono3DHead  

bbox_head.conv_attr_prev.0.conv.bias - torch.Size([256]): 
The value is the same before and after calling `init_weights` of FCOSMono3D  

bbox_head.conv_attr_prev.0.gn.weight - torch.Size([256]): 
The value is the same before and after calling `init_weights` of FCOSMono3D  

bbox_head.conv_attr_prev.0.gn.bias - torch.Size([256]): 
The value is the same before and after calling `init_weights` of FCOSMono3D  

bbox_head.conv_attr.weight - torch.Size([9, 256, 1, 1]): 
Initialized by user-defined `init_weights` in FCOSMono3DHead  

bbox_head.conv_attr.bias - torch.Size([9]): 
Initialized by user-defined `init_weights` in FCOSMono3DHead  

bbox_head.conv_centerness_prev.0.conv.weight - torch.Size([64, 256, 3, 3]): 
Initialized by user-defined `init_weights` in FCOSMono3DHead  

bbox_head.conv_centerness_prev.0.conv.bias - torch.Size([64]): 
The value is the same before and after calling `init_weights` of FCOSMono3D  

bbox_head.conv_centerness_prev.0.gn.weight - torch.Size([64]): 
The value is the same before and after calling `init_weights` of FCOSMono3D  

bbox_head.conv_centerness_prev.0.gn.bias - torch.Size([64]): 
The value is the same before and after calling `init_weights` of FCOSMono3D  

bbox_head.conv_centerness.weight - torch.Size([1, 64, 1, 1]): 
Initialized by user-defined `init_weights` in FCOSMono3DHead  

bbox_head.conv_centerness.bias - torch.Size([1]): 
Initialized by user-defined `init_weights` in FCOSMono3DHead  

bbox_head.scales.0.0.scale - torch.Size([]): 
The value is the same before and after calling `init_weights` of FCOSMono3D  

bbox_head.scales.0.1.scale - torch.Size([]): 
The value is the same before and after calling `init_weights` of FCOSMono3D  

bbox_head.scales.0.2.scale - torch.Size([]): 
The value is the same before and after calling `init_weights` of FCOSMono3D  

bbox_head.scales.1.0.scale - torch.Size([]): 
The value is the same before and after calling `init_weights` of FCOSMono3D  

bbox_head.scales.1.1.scale - torch.Size([]): 
The value is the same before and after calling `init_weights` of FCOSMono3D  

bbox_head.scales.1.2.scale - torch.Size([]): 
The value is the same before and after calling `init_weights` of FCOSMono3D  

bbox_head.scales.2.0.scale - torch.Size([]): 
The value is the same before and after calling `init_weights` of FCOSMono3D  

bbox_head.scales.2.1.scale - torch.Size([]): 
The value is the same before and after calling `init_weights` of FCOSMono3D  

bbox_head.scales.2.2.scale - torch.Size([]): 
The value is the same before and after calling `init_weights` of FCOSMono3D  

bbox_head.scales.3.0.scale - torch.Size([]): 
The value is the same before and after calling `init_weights` of FCOSMono3D  

bbox_head.scales.3.1.scale - torch.Size([]): 
The value is the same before and after calling `init_weights` of FCOSMono3D  

bbox_head.scales.3.2.scale - torch.Size([]): 
The value is the same before and after calling `init_weights` of FCOSMono3D  

bbox_head.scales.4.0.scale - torch.Size([]): 
The value is the same before and after calling `init_weights` of FCOSMono3D  

bbox_head.scales.4.1.scale - torch.Size([]): 
The value is the same before and after calling `init_weights` of FCOSMono3D  

bbox_head.scales.4.2.scale - torch.Size([]): 
The value is the same before and after calling `init_weights` of FCOSMono3D  
2023/10/09 15:04:04 - mmengine - INFO - Load checkpoint from work_dirs/fcos3d_nus/latest.pth
2023/10/09 15:04:04 - mmengine - WARNING - "FileClient" will be deprecated in future. Please use io functions in https://mmengine.readthedocs.io/en/latest/api/fileio.html#file-io
2023/10/09 15:04:04 - mmengine - WARNING - "HardDiskBackend" is the alias of "LocalBackend" and the former will be deprecated in future.
2023/10/09 15:04:04 - mmengine - INFO - Checkpoints will be saved to /root/mmdetection3d/work_dirs/fcos3d_r101-caffe-dcn_fpn_head-gn_8xb2-1x_nus-mono3d_finetune.
2023/10/09 15:04:51 - mmengine - INFO - Epoch(train)  [1][ 50/485]  base_lr: 3.9880e-04 lr: 3.9880e-04  eta: 2:30:02  time: 0.9329  data_time: 0.0273  memory: 14688  grad_norm: 55.0441  loss: 4.9351  loss_cls: 0.2138  loss_offset: 0.5274  loss_depth: 2.4133  loss_size: 0.4443  loss_rotsin: 0.1610  loss_centerness: 0.5710  loss_velo: 0.0776  loss_dir: 0.2581  loss_attr: 0.2686
2023/10/09 15:05:37 - mmengine - INFO - Epoch(train)  [1][100/485]  base_lr: 4.6560e-04 lr: 4.6560e-04  eta: 2:28:15  time: 0.9203  data_time: 0.0162  memory: 14673  grad_norm: 48.3582  loss: 4.9907  loss_cls: 0.2061  loss_offset: 0.5290  loss_depth: 2.5090  loss_size: 0.4167  loss_rotsin: 0.1660  loss_centerness: 0.5705  loss_velo: 0.0857  loss_dir: 0.2836  loss_attr: 0.2240
2023/10/09 15:06:23 - mmengine - INFO - Epoch(train)  [1][150/485]  base_lr: 5.3240e-04 lr: 5.3240e-04  eta: 2:27:11  time: 0.9210  data_time: 0.0160  memory: 14594  grad_norm: 61.6601  loss: 5.6244  loss_cls: 0.1946  loss_offset: 0.4857  loss_depth: 3.3148  loss_size: 0.3725  loss_rotsin: 0.1590  loss_centerness: 0.5696  loss_velo: 0.0964  loss_dir: 0.2402  loss_attr: 0.1916
